<?xml version="1.0" encoding="utf-8"?>
<TestRun id="2a923707-5b92-428d-8fe9-6654a2a4ece3" name="31665@LWH 2026-09-14 22:12:59" runUser="LWH\31665" xmlns="http://microsoft.com/schemas/VisualStudio/TeamTest/2010">
  <Times creation="2026-09-14T22:12:59.3023313+08:00" queuing="2026-09-14T22:12:59.3023316+08:00" start="2026-09-14T22:12:58.6062537+08:00" finish="2026-09-14T22:13:46.7433217+08:00" />
  <TestSettings name="default" id="1ce4c0e4-2ff5-49b3-883d-0503c6e24b57">
    <Deployment runDeploymentRoot="31665_LWH_2026-09-14_22_12_59" />
  </TestSettings>
  <Results>
    <UnitTestResult executionId="e8ca2319-6f4a-462c-a9d1-a2619d8a7aeb" testId="1bcedb9b-ceeb-8e18-b242-0ed9bdcac571" testName="CreateScriptDynamicCatalog_RejectsUnpairedContentUiTemplate" computerName="LWH" duration="00:00:00.0004222" startTime="2026-09-14T22:13:45.8442909+08:00" endTime="2026-09-14T22:13:45.8447442+08:00" testType="13cdc9d9-ddb5-4fa4-a97d-d965ccfc6d4b" outcome="Passed" testListId="8c84fa94-04c1-424b-9868-57a2d4851a1d" relativeResultsDirectory="e8ca2319-6f4a-462c-a9d1-a2619d8a7aeb" />
    <UnitTestResult executionId="83da4bcc-c7ab-4311-bf1c-954322f19bdf" testId="1e3f763e-0f76-890e-895c-2c1f6e5842af" testName="LoadSkillCatalog_RejectsInvalidReplacementValue (&quot;&quot;true&quot;&quot;)" computerName="LWH" duration="00:00:00.0187315" startTime="2026-09-14T22:13:06.3592072+08:00" endTime="2026-09-14T22:13:06.3780352+08:00" testType="13cdc9d9-ddb5-4fa4-a97d-d965ccfc6d4b" outcome="Passed" testListId="8c84fa94-04c1-424b-9868-57a2d4851a1d" relativeResultsDirectory="83da4bcc-c7ab-4311-bf1c-954322f19bdf" />
    <UnitTestResult executionId="23fb4281-5fc4-4e56-9e9e-d66872c5d2cd" testId="17253a1a-2d96-8303-8c5c-65148998f129" testName="ScriptsReload_NormalizesScriptLineEndingsAndPreservesRawFingerprint" computerName="LWH" duration="00:00:00.0514185" startTime="2026-09-14T22:13:05.8887003+08:00" endTime="2026-09-14T22:13:05.9401877+08:00" testType="13cdc9d9-ddb5-4fa4-a97d-d965ccfc6d4b" outcome="Passed" testListId="8c84fa94-04c1-424b-9868-57a2d4851a1d" relativeResultsDirectory="23fb4281-5fc4-4e56-9e9e-d66872c5d2cd" />
    <UnitTestResult executionId="e6bd1f6c-107e-4e91-95ec-7c5d5ca7830f" testId="1fc54f34-bb88-84df-b48d-9be28d764204" testName="Prepare_CanceledAfterCompilationReleasesLockWithoutInstallingCandidate" computerName="LWH" duration="00:00:00.0664968" startTime="2026-09-14T22:13:45.1906231+08:00" endTime="2026-09-14T22:13:45.2571764+08:00" testType="13cdc9d9-ddb5-4fa4-a97d-d965ccfc6d4b" outcome="Passed" testListId="8c84fa94-04c1-424b-9868-57a2d4851a1d" relativeResultsDirectory="e6bd1f6c-107e-4e91-95ec-7c5d5ca7830f" />
    <UnitTestResult executionId="4fc82851-3586-4a17-a3bb-e395d31641f4" testId="14200761-5211-8f18-beca-63a0911c8e09" testName="EnteringIdentity_CancelledOrMismatchedTokenCannotAuthorizeCommit" computerName="LWH" duration="00:00:00.0347596" startTime="2026-09-14T22:13:46.3705822+08:00" endTime="2026-09-14T22:13:46.4054007+08:00" testType="13cdc9d9-ddb5-4fa4-a97d-d965ccfc6d4b" outcome="Passed" testListId="8c84fa94-04c1-424b-9868-57a2d4851a1d" relativeResultsDirectory="4fc82851-3586-4a17-a3bb-e395d31641f4" />
    <UnitTestResult executionId="d89f0544-b062-467c-82c9-8689e0535c8f" testId="133c7168-dc3e-8b58-a4a2-6746223bd031" testName="UnchangedDeclarations_ConfigReloadKeepsBarrierWithoutPersistentStage (Configs)" computerName="LWH" duration="00:00:00.1198238" startTime="2026-09-14T22:13:07.0237707+08:00" endTime="2026-09-14T22:13:07.1436871+08:00" testType="13cdc9d9-ddb5-4fa4-a97d-d965ccfc6d4b" outcome="Passed" testListId="8c84fa94-04c1-424b-9868-57a2d4851a1d" relativeResultsDirectory="d89f0544-b062-467c-82c9-8689e0535c8f" />
    <UnitTestResult executionId="cbaddb93-b777-4a74-9f2f-1034ecf1a309" testId="1a351387-f00c-888e-bf3a-dff719cae068" testName="CreateScriptDynamicCatalog_UsesOwningConfigWhenOptionalClientCatalogIsMissing" computerName="LWH" duration="00:00:00.0010487" startTime="2026-09-14T22:13:45.8432007+08:00" endTime="2026-09-14T22:13:45.8442780+08:00" testType="13cdc9d9-ddb5-4fa4-a97d-d965ccfc6d4b" outcome="Passed" testListId="8c84fa94-04c1-424b-9868-57a2d4851a1d" relativeResultsDirectory="cbaddb93-b777-4a74-9f2f-1034ecf1a309" />
    <UnitTestResult executionId="3b9052cc-564f-4756-b65e-da1d8406301c" testId="10afbf7f-c371-88c9-8e70-ac906adcaa80" testName="LocalReloadKeepsClientContentAndRequestedScope (7,True)" computerName="LWH" duration="00:00:00.0004193" startTime="2026-09-14T22:12:59.2476653+08:00" endTime="2026-09-14T22:12:59.2481349+08:00" testType="13cdc9d9-ddb5-4fa4-a97d-d965ccfc6d4b" outcome="Passed" testListId="8c84fa94-04c1-424b-9868-57a2d4851a1d" relativeResultsDirectory="3b9052cc-564f-4756-b65e-da1d8406301c" />
    <UnitTestResult executionId="e9b5e943-2b8b-420b-94b2-5a014b1d2d51" testId="12be04d4-fda3-873f-937f-d81a9aa12495" testName="RpcSerialization_RoundTripsRealEconomicResultAndRequest" computerName="LWH" duration="00:00:00.0462439" startTime="2026-09-14T22:13:46.4156382+08:00" endTime="2026-09-14T22:13:46.4619335+08:00" testType="13cdc9d9-ddb5-4fa4-a97d-d965ccfc6d4b" outcome="Passed" testListId="8c84fa94-04c1-424b-9868-57a2d4851a1d" relativeResultsDirectory="e9b5e943-2b8b-420b-94b2-5a014b1d2d51" />
    <UnitTestResult executionId="010cb19b-2798-4df3-8ed0-a07f8ed09d4a" testId="16c66ee6-c996-85d0-b01b-b4256900a082" testName="LocalReloadKeepsClientContentAndRequestedScope (7,False)" computerName="LWH" duration="00:00:00.0001573" startTime="2026-09-14T22:12:59.2481488+08:00" endTime="2026-09-14T22:12:59.2483618+08:00" testType="13cdc9d9-ddb5-4fa4-a97d-d965ccfc6d4b" outcome="Passed" testListId="8c84fa94-04c1-424b-9868-57a2d4851a1d" relativeResultsDirectory="010cb19b-2798-4df3-8ed0-a07f8ed09d4a" />
    <UnitTestResult executionId="42adf0e3-9622-4b7a-9048-471a44b96c87" testId="15add9be-b7b7-8977-92c1-650af5bbd71b" testName="Coordinator_PrepareRejectsOversizedExistingMarkerBeforeExposingSnapshot" computerName="LWH" duration="00:00:00.0591148" startTime="2026-09-14T22:12:59.6467176+08:00" endTime="2026-09-14T22:12:59.7058774+08:00" testType="13cdc9d9-ddb5-4fa4-a97d-d965ccfc6d4b" outcome="Passed" testListId="8c84fa94-04c1-424b-9868-57a2d4851a1d" relativeResultsDirectory="42adf0e3-9622-4b7a-9048-471a44b96c87" />
    <UnitTestResult executionId="5ff10b19-8346-422e-afab-7cd5481cf60c" testId="1ed72faf-ae5d-8ed2-bced-634729cd8d69" testName="InitialDeclarations_OverBudgetRejectWithoutInstallingAnyValues" computerName="LWH" duration="00:00:00.0251771" startTime="2026-09-14T22:12:59.8905430+08:00" endTime="2026-09-14T22:12:59.9158035+08:00" testType="13cdc9d9-ddb5-4fa4-a97d-d965ccfc6d4b" outcome="Passed" testListId="8c84fa94-04c1-424b-9868-57a2d4851a1d" relativeResultsDirectory="5ff10b19-8346-422e-afab-7cd5481cf60c" />
    <UnitTestResult executionId="227dfcca-11b7-4d1e-a443-523a859f7e78" testId="10c816d5-836a-8da1-b8fa-99330ad90e4d" testName="PersistentMutation_WaitsForFlushAndKeepsFollowingVolatileWriteOrdered" computerName="LWH" duration="00:00:00.0457241" startTime="2026-09-14T22:13:46.0785807+08:00" endTime="2026-09-14T22:13:46.1244494+08:00" testType="13cdc9d9-ddb5-4fa4-a97d-d965ccfc6d4b" outcome="Passed" testListId="8c84fa94-04c1-424b-9868-57a2d4851a1d" relativeResultsDirectory="227dfcca-11b7-4d1e-a443-523a859f7e78" />
    <UnitTestResult executionId="03c77adc-ad1a-4efb-911c-be5a86f782c7" testId="16981da8-8c81-8c2f-a075-a0724b58201f" testName="ReloadZoneAsync_PreparesGatewayFirstAndRemoteRolesConcurrentlyThenKeepsSerialCommitOrder" computerName="LWH" duration="00:00:00.0054082" startTime="2026-09-14T22:12:59.2744233+08:00" endTime="2026-09-14T22:12:59.2824022+08:00" testType="13cdc9d9-ddb5-4fa4-a97d-d965ccfc6d4b" outcome="Passed" testListId="8c84fa94-04c1-424b-9868-57a2d4851a1d" relativeResultsDirectory="03c77adc-ad1a-4efb-911c-be5a86f782c7" />
    <UnitTestResult executionId="a7020798-95a9-49bc-968a-7203609a9d32" testId="13d01355-49f0-8e31-8f33-11f6540f52f3" testName="SharedDeclarations_TransactionPublishesOnlyStagedValuesAndAbortRemovesCandidate (True)" computerName="LWH" duration="00:00:00.1222408" startTime="2026-09-14T22:13:45.6746452+08:00" endTime="2026-09-14T22:13:45.7969714+08:00" testType="13cdc9d9-ddb5-4fa4-a97d-d965ccfc6d4b" outcome="Passed" testListId="8c84fa94-04c1-424b-9868-57a2d4851a1d" relativeResultsDirectory="a7020798-95a9-49bc-968a-7203609a9d32" />
    <UnitTestResult executionId="c1caee2f-b84e-40b5-a083-a92c90e1c456" testId="1280b7ba-e7f0-8bb6-a87a-1ebd19f8f275" testName="EnteringIdentity_WaitsForRegisteredOwnerBeforeCommitting" computerName="LWH" duration="00:00:00.0377611" startTime="2026-09-14T22:13:46.3327403+08:00" endTime="2026-09-14T22:13:46.3705496+08:00" testType="13cdc9d9-ddb5-4fa4-a97d-d965ccfc6d4b" outcome="Passed" testListId="8c84fa94-04c1-424b-9868-57a2d4851a1d" relativeResultsDirectory="c1caee2f-b84e-40b5-a083-a92c90e1c456" />
    <UnitTestResult executionId="31349e3a-f39d-4840-8022-47529e86b647" testId="15ccb6e0-f043-8cd5-9958-1bbb11d815f1" testName="SharedDeclarations_TransactionPublishesOnlyStagedValuesAndAbortRemovesCandidate (False)" computerName="LWH" duration="00:00:00.1310837" startTime="2026-09-14T22:13:45.5434550+08:00" endTime="2026-09-14T22:13:45.6746152+08:00" testType="13cdc9d9-ddb5-4fa4-a97d-d965ccfc6d4b" outcome="Passed" testListId="8c84fa94-04c1-424b-9868-57a2d4851a1d" relativeResultsDirectory="31349e3a-f39d-4840-8022-47529e86b647" />
    <UnitTestResult executionId="5b5b130c-ee29-4ba7-8147-30f1cea8b64e" testId="11ea9d6c-3e14-80f9-a613-06122d1ecfd7" testName="LoadSkillCatalog_RejectsInvalidReplacementValue (&quot;null&quot;)" computerName="LWH" duration="00:00:00.0128550" startTime="2026-09-14T22:13:06.3462363+08:00" endTime="2026-09-14T22:13:06.3591698+08:00" testType="13cdc9d9-ddb5-4fa4-a97d-d965ccfc6d4b" outcome="Passed" testListId="8c84fa94-04c1-424b-9868-57a2d4851a1d" relativeResultsDirectory="5b5b130c-ee29-4ba7-8147-30f1cea8b64e" />
    <UnitTestResult executionId="a8296ef4-aab4-4d40-922d-26497218ba16" testId="1eed95d2-3abb-86c5-9b15-d707b6c825fc" testName="PackageTransactionKeepsOldSourceDuringPrepareAndCommitsOrRestores (True)" computerName="LWH" duration="00:00:00.1893964" startTime="2026-09-14T22:13:07.8314201+08:00" endTime="2026-09-14T22:13:08.0208922+08:00" testType="13cdc9d9-ddb5-4fa4-a97d-d965ccfc6d4b" outcome="Passed" testListId="8c84fa94-04c1-424b-9868-57a2d4851a1d" relativeResultsDirectory="a8296ef4-aab4-4d40-922d-26497218ba16" />
    <UnitTestResult executionId="e3b448c3-211b-4968-b6bd-2314a3b75496" testId="14892fba-0cca-8469-aa26-5ccb2ab46cac" testName="LoadSkillCatalog_PreservesExplicitReplacementForActiveAttackSkill" computerName="LWH" duration="00:00:00.0128813" startTime="2026-09-14T22:13:06.3332633+08:00" endTime="2026-09-14T22:13:06.3462056+08:00" testType="13cdc9d9-ddb5-4fa4-a97d-d965ccfc6d4b" outcome="Passed" testListId="8c84fa94-04c1-424b-9868-57a2d4851a1d" relativeResultsDirectory="e3b448c3-211b-4968-b6bd-2314a3b75496" />
    <UnitTestResult executionId="935109db-082e-4ff8-a1aa-17429ceea651" testId="1f4fdbb2-0faf-8ce3-b523-05709933f620" testName="Coordinator_StagedAdditionCommitsOrAbortsWithoutResettingExistingValue (True)" computerName="LWH" duration="00:00:00.0220748" startTime="2026-09-14T22:12:59.7296828+08:00" endTime="2026-09-14T22:12:59.7518133+08:00" testType="13cdc9d9-ddb5-4fa4-a97d-d965ccfc6d4b" outcome="Passed" testListId="8c84fa94-04c1-424b-9868-57a2d4851a1d" relativeResultsDirectory="935109db-082e-4ff8-a1aa-17429ceea651" />
    <UnitTestResult executionId="6254a076-ba6a-49c1-991f-b06460ec124b" testId="1815fa95-d844-880c-bd6f-a3ddbdd5c4c8" testName="Commit_DeductsExactInstanceAndReusesFreedSlotInSameTransaction" computerName="LWH" duration="00:00:00.0373143" startTime="2026-09-14T22:13:00.2426320+08:00" endTime="2026-09-14T22:13:00.2799969+08:00" testType="13cdc9d9-ddb5-4fa4-a97d-d965ccfc6d4b" outcome="Passed" testListId="8c84fa94-04c1-424b-9868-57a2d4851a1d" relativeResultsDirectory="6254a076-ba6a-49c1-991f-b06460ec124b" />
    <UnitTestResult executionId="cccd9523-8ae7-4345-ad98-1f4ddb0511a0" testId="193eec47-7186-8363-98bc-f596dec363f6" testName="FailedEntryReleasesOnlyItsOwnReservation" computerName="LWH" duration="00:00:00.0004133" startTime="2026-09-14T22:13:46.6870937+08:00" endTime="2026-09-14T22:13:46.6891777+08:00" testType="13cdc9d9-ddb5-4fa4-a97d-d965ccfc6d4b" outcome="Passed" testListId="8c84fa94-04c1-424b-9868-57a2d4851a1d" relativeResultsDirectory="cccd9523-8ae7-4345-ad98-1f4ddb0511a0" />
    <UnitTestResult executionId="26ec3dc5-2526-456b-9d0a-25a14f79ba3f" testId="1b243745-e9d1-8517-84e0-b4d29fc74a8f" testName="ReloadZoneAsync_CancellationAbortsGatewayAndEveryCompletedRemotePrepare" computerName="LWH" duration="00:00:00.0035730" startTime="2026-09-14T22:12:59.2864538+08:00" endTime="2026-09-14T22:12:59.2900570+08:00" testType="13cdc9d9-ddb5-4fa4-a97d-d965ccfc6d4b" outcome="Passed" testListId="8c84fa94-04c1-424b-9868-57a2d4851a1d" relativeResultsDirectory="26ec3dc5-2526-456b-9d0a-25a14f79ba3f" />
    <UnitTestResult executionId="c3b27e1a-cc96-4a79-a67e-fa9c22408a0d" testId="1cde3db2-4f5f-82f5-94ea-c16bfc1022cc" testName="ReopenedAuthority_ReplaysDurableRewardWithoutRegrantingAfterDisconnect" computerName="LWH" duration="00:00:00.0370817" startTime="2026-09-14T22:13:46.2955945+08:00" endTime="2026-09-14T22:13:46.3327216+08:00" testType="13cdc9d9-ddb5-4fa4-a97d-d965ccfc6d4b" outcome="Passed" testListId="8c84fa94-04c1-424b-9868-57a2d4851a1d" relativeResultsDirectory="c3b27e1a-cc96-4a79-a67e-fa9c22408a0d" />
    <UnitTestResult executionId="646acf87-94c0-4e9b-881c-85090292c71c" testId="18109a0a-9baf-83ef-9eab-0ff9bd060fa5" testName="EqualConfigurationWithDifferentPackageDigestMustNotApply" computerName="LWH" duration="00:00:00.0005290" startTime="2026-09-14T22:12:59.2911282+08:00" endTime="2026-09-14T22:12:59.2916834+08:00" testType="13cdc9d9-ddb5-4fa4-a97d-d965ccfc6d4b" outcome="Passed" testListId="8c84fa94-04c1-424b-9868-57a2d4851a1d" relativeResultsDirectory="646acf87-94c0-4e9b-881c-85090292c71c" />
    <UnitTestResult executionId="b4763181-1031-41a9-bdb4-19e9a666db9d" testId="13e98d35-9fd9-8d5e-b90f-3e50f41e78d1" testName="ProfessionAffixes_ReloadRejectsWrongLocation_AndAcceptsUnitReference" computerName="LWH" duration="00:00:00.1137750" startTime="2026-09-14T22:13:45.0767330+08:00" endTime="2026-09-14T22:13:45.1906004+08:00" testType="13cdc9d9-ddb5-4fa4-a97d-d965ccfc6d4b" outcome="Passed" testListId="8c84fa94-04c1-424b-9868-57a2d4851a1d" relativeResultsDirectory="b4763181-1031-41a9-bdb4-19e9a666db9d" />
    <UnitTestResult executionId="4d9eba94-6287-40ab-92da-594fd992e258" testId="1179611a-864b-83f0-9324-418be1dd00be" testName="ReserveOperationId_IsSharedByIndependentStoresAndRejectsOldRun" computerName="LWH" duration="00:00:00.0243348" startTime="2026-09-14T22:13:03.7485645+08:00" endTime="2026-09-14T22:13:03.7730813+08:00" testType="13cdc9d9-ddb5-4fa4-a97d-d965ccfc6d4b" outcome="Passed" testListId="8c84fa94-04c1-424b-9868-57a2d4851a1d" relativeResultsDirectory="4d9eba94-6287-40ab-92da-594fd992e258" />
    <UnitTestResult executionId="dd77cd3e-f02a-4c62-89cd-03b62e0cdcac" testId="1825af68-7799-808f-b988-c8796cc841c5" testName="QueryAndAcknowledgement_RejectAnotherRunBeforeAccessingReusedRequestId" computerName="LWH" duration="00:00:00.0403138" startTime="2026-09-14T22:13:46.5338113+08:00" endTime="2026-09-14T22:13:46.5741818+08:00" testType="13cdc9d9-ddb5-4fa4-a97d-d965ccfc6d4b" outcome="Passed" testListId="8c84fa94-04c1-424b-9868-57a2d4851a1d" relativeResultsDirectory="dd77cd3e-f02a-4c62-89cd-03b62e0cdcac" />
    <UnitTestResult executionId="9ea7ecb5-8a1a-44c0-a7d8-956fb9e1cc20" testId="16392d62-6032-8f01-be21-90f5b38f2c52" testName="UnchangedDeclarations_InterruptedUpdateDoesNotBlockNextRun (&quot;abort&quot;)" computerName="LWH" duration="00:00:00.1166119" startTime="2026-09-14T22:13:07.1437158+08:00" endTime="2026-09-14T22:13:07.2604140+08:00" testType="13cdc9d9-ddb5-4fa4-a97d-d965ccfc6d4b" outcome="Passed" testListId="8c84fa94-04c1-424b-9868-57a2d4851a1d" relativeResultsDirectory="9ea7ecb5-8a1a-44c0-a7d8-956fb9e1cc20" />
    <UnitTestResult executionId="1b417d64-1a56-412c-a511-d5ea8b16bef1" testId="1847838c-26eb-80de-86b8-190bb649986c" testName="Commit_DatabaseReceiptFailureRollsBackAllValuesAndRevisions (True)" computerName="LWH" duration="00:00:00.0300528" startTime="2026-09-14T22:13:00.7503111+08:00" endTime="2026-09-14T22:13:00.7804630+08:00" testType="13cdc9d9-ddb5-4fa4-a97d-d965ccfc6d4b" outcome="Passed" testListId="8c84fa94-04c1-424b-9868-57a2d4851a1d" relativeResultsDirectory="1b417d64-1a56-412c-a511-d5ea8b16bef1" />
    <UnitTestResult executionId="9bbdb3c0-c6cb-4a40-b8ce-c932bd16a492" testId="1e92e44f-59c1-8fed-84ef-94eb93ba5db2" testName="SameRunReinitialization_ContinuesDurableRequestAndOperationCounters" computerName="LWH" duration="00:00:00.0331437" startTime="2026-09-14T22:13:46.5742072+08:00" endTime="2026-09-14T22:13:46.6074009+08:00" testType="13cdc9d9-ddb5-4fa4-a97d-d965ccfc6d4b" outcome="Passed" testListId="8c84fa94-04c1-424b-9868-57a2d4851a1d" relativeResultsDirectory="9bbdb3c0-c6cb-4a40-b8ce-c932bd16a492" />
    <UnitTestResult executionId="a7b351d1-8482-4f0d-b6ad-6a92c8bf1dc5" testId="1a91e057-6b2a-8669-9ad8-1bc0a181abde" testName="ScriptsReload_InvalidUtf8KeepsSnapshotAndAllowsCorrectedRetry" computerName="LWH" duration="00:00:00.0837226" startTime="2026-09-14T22:13:45.2572155+08:00" endTime="2026-09-14T22:13:45.3409899+08:00" testType="13cdc9d9-ddb5-4fa4-a97d-d965ccfc6d4b" outcome="Passed" testListId="8c84fa94-04c1-424b-9868-57a2d4851a1d" relativeResultsDirectory="a7b351d1-8482-4f0d-b6ad-6a92c8bf1dc5" />
    <UnitTestResult executionId="6ecf19ec-d5be-4c41-88ed-90229990b898" testId="13392768-d33a-8160-9c2d-1ead75940349" testName="Coordinator_StagedAdditionCommitsOrAbortsWithoutResettingExistingValue (False)" computerName="LWH" duration="00:00:00.0237052" startTime="2026-09-14T22:12:59.7058999+08:00" endTime="2026-09-14T22:12:59.7296611+08:00" testType="13cdc9d9-ddb5-4fa4-a97d-d965ccfc6d4b" outcome="Passed" testListId="8c84fa94-04c1-424b-9868-57a2d4851a1d" relativeResultsDirectory="6ecf19ec-d5be-4c41-88ed-90229990b898" />
    <UnitTestResult executionId="6bbd599f-60b4-4fd8-9335-dde71f2da5d5" testId="19ce9bfc-169b-852d-8cd4-fb84086c992b" testName="BaselineInitialization_NormalizesScriptLineEndingsWithoutWritingFile (&quot;# 第一行&#xD;&#xA;# 第二行&#xD;&#xA;&quot;)" computerName="LWH" duration="00:00:00.0491953" startTime="2026-09-14T22:13:05.6885141+08:00" endTime="2026-09-14T22:13:05.7377967+08:00" testType="13cdc9d9-ddb5-4fa4-a97d-d965ccfc6d4b" outcome="Passed" testListId="8c84fa94-04c1-424b-9868-57a2d4851a1d" relativeResultsDirectory="6bbd599f-60b4-4fd8-9335-dde71f2da5d5" />
    <UnitTestResult executionId="46a0a50c-1d1f-404f-9aca-896af066dc5c" testId="1522b064-353d-80dd-96f4-005ceb408756" testName="CombatReload_ActualScopesPreserveAndRebuildAffixInputsWithoutAccumulation" computerName="LWH" duration="00:00:00.5074917" startTime="2026-09-14T22:13:04.4582900+08:00" endTime="2026-09-14T22:13:04.9658643+08:00" testType="13cdc9d9-ddb5-4fa4-a97d-d965ccfc6d4b" outcome="Failed" testListId="8c84fa94-04c1-424b-9868-57a2d4851a1d" relativeResultsDirectory="46a0a50c-1d1f-404f-9aca-896af066dc5c">
      <Output>
        <ErrorInfo>
          <Message>Assert.IsTrue 失败。‘condition’表达式:‘login.IsSuccessful’。 地图生命周期脚本执行失败，临时属性没有提交：脚本执行耗时超过预算。</Message>
          <StackTrace>   at Microsoft.VisualStudio.TestTools.UnitTesting.Assert.ThrowAssertIsTrueFailed(String message) in /_/src/TestFramework/TestFramework/Assertions/Assert.IsTrue.cs:line 161&#xD;
   at Microsoft.VisualStudio.TestTools.UnitTesting.Assert.IsTrue(Nullable`1 condition, String message, String conditionExpression) in /_/src/TestFramework/TestFramework/Assertions/Assert.IsTrue.cs:line 153&#xD;
   at NNGame.Server.Shared.Tests.WorkspaceServerDataReloadBaselineTests.CombatReload_ActualScopesPreserveAndRebuildAffixInputsWithoutAccumulation() in H:\project\NNGame\tests\NNGame.Server.Shared.Tests\WorkspaceServerDataReloadBaselineTests.Combat.cs:line 41&#xD;
   at Microsoft.VisualStudio.TestPlatform.MSTest.TestAdapter.Execution.TestMethodInfo.ExecuteInternalAsync(Object[] arguments, CancellationTokenSource timeoutTokenSource) in /_/src/Adapter/MSTestAdapter.PlatformServices/Execution/TestMethodInfo.cs:line 395</StackTrace>
        </ErrorInfo>
      </Output>
    </UnitTestResult>
    <UnitTestResult executionId="2f887000-b491-4d3b-b6ae-ffddc4da4138" testId="186c08ba-413e-87b7-a03d-bf3ffaca03d7" testName="BuildSnapshot_BindsPageOpenContextOnlyToUiPresentationPaths (&quot;system/ui/fixed/Equipment&quot;,True)" computerName="LWH" duration="00:00:00.0011143" startTime="2026-09-14T22:13:45.8313759+08:00" endTime="2026-09-14T22:13:45.8325436+08:00" testType="13cdc9d9-ddb5-4fa4-a97d-d965ccfc6d4b" outcome="Passed" testListId="8c84fa94-04c1-424b-9868-57a2d4851a1d" relativeResultsDirectory="2f887000-b491-4d3b-b6ae-ffddc4da4138" />
    <UnitTestResult executionId="6828f695-4989-412d-93ef-a52e233c4d14" testId="174d8bc6-fda3-8f35-aa6a-7af36d211735" testName="LoadSkillCatalog_RejectsInvalidClientSkillPair (&quot;invalid-travel-time&quot;)" computerName="LWH" duration="00:00:00.0155403" startTime="2026-09-14T22:13:06.2907617+08:00" endTime="2026-09-14T22:13:06.3064133+08:00" testType="13cdc9d9-ddb5-4fa4-a97d-d965ccfc6d4b" outcome="Passed" testListId="8c84fa94-04c1-424b-9868-57a2d4851a1d" relativeResultsDirectory="6828f695-4989-412d-93ef-a52e233c4d14" />
    <UnitTestResult executionId="b710117d-9221-4a96-8aef-c4776c0e5d20" testId="130fc366-b844-8533-87c8-422ce79b7b89" testName="CreateScriptDynamicCatalog_RejectsInvalidDynamicMemberName (&quot;错误.名称&quot;,&quot;英文句点&quot;)" computerName="LWH" duration="00:00:00.0002664" startTime="2026-09-14T22:13:45.8407894+08:00" endTime="2026-09-14T22:13:45.8410934+08:00" testType="13cdc9d9-ddb5-4fa4-a97d-d965ccfc6d4b" outcome="Passed" testListId="8c84fa94-04c1-424b-9868-57a2d4851a1d" relativeResultsDirectory="b710117d-9221-4a96-8aef-c4776c0e5d20" />
    <UnitTestResult executionId="24886f83-6cf2-489c-be72-d349bb7fb1b4" testId="150ae45f-50d9-8c31-86f7-3bacef27203b" testName="Store_ChangedDefaultDoesNotStageOrOverwriteCurrentValue" computerName="LWH" duration="00:00:00.0150626" startTime="2026-09-14T22:12:59.4123890+08:00" endTime="2026-09-14T22:12:59.4275022+08:00" testType="13cdc9d9-ddb5-4fa4-a97d-d965ccfc6d4b" outcome="Passed" testListId="8c84fa94-04c1-424b-9868-57a2d4851a1d" relativeResultsDirectory="24886f83-6cf2-489c-be72-d349bb7fb1b4" />
    <UnitTestResult executionId="8f76c90a-110c-4f8b-82d9-d582cadbca79" testId="1c2e0f06-7e40-83b4-b00c-505ac66df170" testName="CreateScriptDynamicCatalog_RejectsClientServerItemQualityMismatch" computerName="LWH" duration="00:00:00.0005214" startTime="2026-09-14T22:13:45.8392314+08:00" endTime="2026-09-14T22:13:45.8397885+08:00" testType="13cdc9d9-ddb5-4fa4-a97d-d965ccfc6d4b" outcome="Passed" testListId="8c84fa94-04c1-424b-9868-57a2d4851a1d" relativeResultsDirectory="8f76c90a-110c-4f8b-82d9-d582cadbca79" />
    <UnitTestResult executionId="bb541357-422b-4249-afac-f34e19bd4813" testId="1b79676b-f9a8-8447-bf50-93b1997a1e96" testName="Prepare_RejectsVariableTypeChangeWithoutReplacingSnapshotAndAllowsRetry (False)" computerName="LWH" duration="00:00:00.0678609" startTime="2026-09-14T22:13:45.3410087+08:00" endTime="2026-09-14T22:13:45.4089262+08:00" testType="13cdc9d9-ddb5-4fa4-a97d-d965ccfc6d4b" outcome="Passed" testListId="8c84fa94-04c1-424b-9868-57a2d4851a1d" relativeResultsDirectory="bb541357-422b-4249-afac-f34e19bd4813" />
    <UnitTestResult executionId="c57bc3e0-225b-41ca-80f0-7d1382eb8f9f" testId="16a00f93-6dc2-8232-9fda-e1b6a9eb3d80" testName="Install_RejectsDeletedTypeChangedAndPersistenceChangedDefinitionsWithoutChangingValues" computerName="LWH" duration="00:00:00.0173772" startTime="2026-09-14T22:13:01.0648226+08:00" endTime="2026-09-14T22:13:01.0822656+08:00" testType="13cdc9d9-ddb5-4fa4-a97d-d965ccfc6d4b" outcome="Passed" testListId="8c84fa94-04c1-424b-9868-57a2d4851a1d" relativeResultsDirectory="c57bc3e0-225b-41ca-80f0-7d1382eb8f9f" />
    <UnitTestResult executionId="a308c024-5d67-44d9-b563-8091e3ed0f0f" testId="1c63eb9b-9de6-8755-b23f-ae5d2d484ea3" testName="ReloadZoneAsync_RemotePrepareFailureWaitsForAllAndAbortsEverySuccessfulPrepare" computerName="LWH" duration="00:00:00.0026137" startTime="2026-09-14T22:12:59.2824271+08:00" endTime="2026-09-14T22:12:59.2851462+08:00" testType="13cdc9d9-ddb5-4fa4-a97d-d965ccfc6d4b" outcome="Passed" testListId="8c84fa94-04c1-424b-9868-57a2d4851a1d" relativeResultsDirectory="a308c024-5d67-44d9-b563-8091e3ed0f0f" />
    <UnitTestResult executionId="c305cf55-b3ce-4555-9fba-76c42c263591" testId="167186ec-fb6f-8fb9-8998-cc3e694baffc" testName="Store_CharacterPlaceholderCatalogSharesDeclarationStageAndAbort (True)" computerName="LWH" duration="00:00:00.0186508" startTime="2026-09-14T22:12:59.8718150+08:00" endTime="2026-09-14T22:12:59.8905222+08:00" testType="13cdc9d9-ddb5-4fa4-a97d-d965ccfc6d4b" outcome="Passed" testListId="8c84fa94-04c1-424b-9868-57a2d4851a1d" relativeResultsDirectory="c305cf55-b3ce-4555-9fba-76c42c263591" />
    <UnitTestResult executionId="8506f628-2db7-430b-ad40-9472eca263a4" testId="1932bf22-cd59-8991-906a-4a68a7083e4b" testName="LoadSkillCatalog_RejectsRemovedSkillTagDirectory" computerName="LWH" duration="00:00:00.0176134" startTime="2026-09-14T22:13:06.2409012+08:00" endTime="2026-09-14T22:13:06.2586041+08:00" testType="13cdc9d9-ddb5-4fa4-a97d-d965ccfc6d4b" outcome="Passed" testListId="8c84fa94-04c1-424b-9868-57a2d4851a1d" relativeResultsDirectory="8506f628-2db7-430b-ad40-9472eca263a4" />
    <UnitTestResult executionId="98338594-16ef-4c93-b75f-8f64e6b2da02" testId="1c2ea598-1bdd-8e66-95ff-081e1b1c6170" testName="RpcSerialization_PreservesScalarExtremesAndRejectsMalformedEnvelopes" computerName="LWH" duration="00:00:00.0097626" startTime="2026-09-14T22:13:46.4054203+08:00" endTime="2026-09-14T22:13:46.4152281+08:00" testType="13cdc9d9-ddb5-4fa4-a97d-d965ccfc6d4b" outcome="Passed" testListId="8c84fa94-04c1-424b-9868-57a2d4851a1d" relativeResultsDirectory="98338594-16ef-4c93-b75f-8f64e6b2da02" />
    <UnitTestResult executionId="68c10724-e8b0-497f-a700-af69c4cd8ece" testId="1c2ec3d9-6f65-8a26-85ea-5378cbdf9a6c" testName="LocalReloadKeepsClientContentAndRequestedScope (0,True)" computerName="LWH" duration="00:00:00.0184064" startTime="2026-09-14T22:12:59.2281886+08:00" endTime="2026-09-14T22:12:59.2476439+08:00" testType="13cdc9d9-ddb5-4fa4-a97d-d965ccfc6d4b" outcome="Passed" testListId="8c84fa94-04c1-424b-9868-57a2d4851a1d" relativeResultsDirectory="68c10724-e8b0-497f-a700-af69c4cd8ece" />
    <UnitTestResult executionId="2d51c532-8a41-4f37-9b39-d04235c4ced7" testId="13edd2ad-2358-8f53-93e1-66e5908a25eb" testName="FirstConfigsReload_InvalidSkillAffixReferenceKeepsPreviousSnapshot (&quot;missing&quot;)" computerName="LWH" duration="00:00:00.0939208" startTime="2026-09-14T22:13:06.3780755+08:00" endTime="2026-09-14T22:13:06.4720927+08:00" testType="13cdc9d9-ddb5-4fa4-a97d-d965ccfc6d4b" outcome="Passed" testListId="8c84fa94-04c1-424b-9868-57a2d4851a1d" relativeResultsDirectory="2d51c532-8a41-4f37-9b39-d04235c4ced7" />
    <UnitTestResult executionId="dd9e987b-facb-4b0e-8807-fc65b7430cf5" testId="18c068f8-787a-8907-a7f1-dba194959a54" testName="FirstConfigsReload_InvalidSkillAffixReferenceKeepsPreviousSnapshot (&quot;duplicate&quot;)" computerName="LWH" duration="00:00:00.1094497" startTime="2026-09-14T22:13:06.4721276+08:00" endTime="2026-09-14T22:13:06.5816713+08:00" testType="13cdc9d9-ddb5-4fa4-a97d-d965ccfc6d4b" outcome="Passed" testListId="8c84fa94-04c1-424b-9868-57a2d4851a1d" relativeResultsDirectory="dd9e987b-facb-4b0e-8807-fc65b7430cf5" />
    <UnitTestResult executionId="5cb18c5f-79c1-4c79-889d-9cebd23ecd0b" testId="116fb2a5-a6cb-8fc5-ab6e-9d5d363ae4b4" testName="CombatReload_GatewayConfigurationScopesDoNotCallSessionReset (Monsters)" computerName="LWH" duration="00:00:00.0612272" startTime="2026-09-14T22:13:04.3969350+08:00" endTime="2026-09-14T22:13:04.4582541+08:00" testType="13cdc9d9-ddb5-4fa4-a97d-d965ccfc6d4b" outcome="Passed" testListId="8c84fa94-04c1-424b-9868-57a2d4851a1d" relativeResultsDirectory="5cb18c5f-79c1-4c79-889d-9cebd23ecd0b" />
    <UnitTestResult executionId="2a0cca2e-b797-4154-b823-f8ae30cabae3" testId="1146fe66-952e-824c-bde7-b2727831f8c2" testName="ItemReload_WhenUseCountOrStackLimitIsReduced_RequiresOnlineMigration" computerName="LWH" duration="00:00:00.0003097" startTime="2026-09-14T22:12:59.2260648+08:00" endTime="2026-09-14T22:12:59.2265856+08:00" testType="13cdc9d9-ddb5-4fa4-a97d-d965ccfc6d4b" outcome="Passed" testListId="8c84fa94-04c1-424b-9868-57a2d4851a1d" relativeResultsDirectory="2a0cca2e-b797-4154-b823-f8ae30cabae3" />
    <UnitTestResult executionId="edd229dd-e541-408d-affc-79fef8636e94" testId="10416a73-44a7-8d7c-a1f3-6605ea24a556" testName="Commit_TwoPlayersCompeteForLastSharedPlaceOnlyOneReceivesReward" computerName="LWH" duration="00:00:00.1873787" startTime="2026-09-14T22:13:00.7804932+08:00" endTime="2026-09-14T22:13:00.9679412+08:00" testType="13cdc9d9-ddb5-4fa4-a97d-d965ccfc6d4b" outcome="Passed" testListId="8c84fa94-04c1-424b-9868-57a2d4851a1d" relativeResultsDirectory="edd229dd-e541-408d-affc-79fef8636e94" />
    <UnitTestResult executionId="76befd05-fbff-4041-a22f-20fa5b61db1c" testId="14588ad1-959e-881d-b666-bd0b7acb3327" testName="Commit_IndependentServicesWithSameRequestGrantOnce" computerName="LWH" duration="00:00:00.1908541" startTime="2026-09-14T22:13:00.2800203+08:00" endTime="2026-09-14T22:13:00.4709311+08:00" testType="13cdc9d9-ddb5-4fa4-a97d-d965ccfc6d4b" outcome="Passed" testListId="8c84fa94-04c1-424b-9868-57a2d4851a1d" relativeResultsDirectory="76befd05-fbff-4041-a22f-20fa5b61db1c" />
    <UnitTestResult executionId="1c1531a6-54b8-4ecf-bc94-a312b1616a5f" testId="1108c42d-37ee-8e70-8f94-3b715e94dbd4" testName="ItemsReload_WhenPresentationItemPairIsMissing_KeepsPreviousScriptSnapshot" computerName="LWH" duration="00:00:00.1137324" startTime="2026-09-14T22:13:05.5255155+08:00" endTime="2026-09-14T22:13:05.6393124+08:00" testType="13cdc9d9-ddb5-4fa4-a97d-d965ccfc6d4b" outcome="Passed" testListId="8c84fa94-04c1-424b-9868-57a2d4851a1d" relativeResultsDirectory="1c1531a6-54b8-4ecf-bc94-a312b1616a5f" />
    <UnitTestResult executionId="9c5ce111-bd1f-4801-a8ba-f9898901c10b" testId="1e7af9b3-cc4f-818a-b934-9f20dc7f8e03" testName="ScriptReload_PreparationBenchmark (74,False,False)" computerName="LWH" duration="00:00:02.9656725" startTime="2026-09-14T22:13:08.0209180+08:00" endTime="2026-09-14T22:13:10.9871009+08:00" testType="13cdc9d9-ddb5-4fa4-a97d-d965ccfc6d4b" outcome="Passed" testListId="8c84fa94-04c1-424b-9868-57a2d4851a1d" relativeResultsDirectory="9c5ce111-bd1f-4801-a8ba-f9898901c10b">
      <Output>
        <StdOut>TestContext 消息:&#xD;
GeneratedScripts=74; ChangeOne=False; Commit=False; Samples=20; MedianMs=109.642; P95Ms=111.527; MedianAllocatedBytes=7603408; TotalPrepareCpuMs=3281.250&#xD;
脚本重载准备完成：区服=baseline-test，服务=MapServer，版本=config-e9d9d9ee863aca37，读取=94.7103毫秒，校验=12.6201毫秒，指令生成=4.6727毫秒，脚本数=76，脚本字节数=10286，解析次数=76。</StdOut>
      </Output>
    </UnitTestResult>
    <UnitTestResult executionId="bbbfb1ce-ac46-4194-b8cf-6f8b2fdf999b" testId="1e56ac9d-9df8-8de1-a054-82e81b68887a" testName="BuildSnapshot_BindsPageOpenContextOnlyToUiPresentationPaths (&quot;system/ui/content/1&quot;,True)" computerName="LWH" duration="00:00:00.0005581" startTime="2026-09-14T22:13:45.8325704+08:00" endTime="2026-09-14T22:13:45.8332994+08:00" testType="13cdc9d9-ddb5-4fa4-a97d-d965ccfc6d4b" outcome="Passed" testListId="8c84fa94-04c1-424b-9868-57a2d4851a1d" relativeResultsDirectory="bbbfb1ce-ac46-4194-b8cf-6f8b2fdf999b" />
    <UnitTestResult executionId="b17eead6-328f-4b2c-84d8-413b3bb3edf8" testId="1990ef4e-90c5-8442-8adc-182547946a8e" testName="BaselineInitialization_NormalizesScriptLineEndingsWithoutWritingFile (&quot;# 第一行&#xD;# 第二行&#xD;&quot;)" computerName="LWH" duration="00:00:00.0616855" startTime="2026-09-14T22:13:05.7378382+08:00" endTime="2026-09-14T22:13:05.7996317+08:00" testType="13cdc9d9-ddb5-4fa4-a97d-d965ccfc6d4b" outcome="Passed" testListId="8c84fa94-04c1-424b-9868-57a2d4851a1d" relativeResultsDirectory="b17eead6-328f-4b2c-84d8-413b3bb3edf8" />
    <UnitTestResult executionId="84c20ec1-a9f5-4424-9bef-f595c5d6f0a5" testId="1d0fbfa2-f7ff-8f39-acb8-5989b859cdb6" testName="CreateScriptDynamicCatalog_UsesDistinctFullServerMonsterNames" computerName="LWH" duration="00:00:00.0014407" startTime="2026-09-14T22:13:45.8344406+08:00" endTime="2026-09-14T22:13:45.8359159+08:00" testType="13cdc9d9-ddb5-4fa4-a97d-d965ccfc6d4b" outcome="Passed" testListId="8c84fa94-04c1-424b-9868-57a2d4851a1d" relativeResultsDirectory="84c20ec1-a9f5-4424-9bef-f595c5d6f0a5" />
    <UnitTestResult executionId="3a5e55b7-e2e9-44a2-81b9-92301dfb4283" testId="1876515b-709c-8f37-887e-949159fd1076" testName="CreateScriptDynamicCatalog_PreservesNumericZeroStableId" computerName="LWH" duration="00:00:00.0007982" startTime="2026-09-14T22:13:45.8359315+08:00" endTime="2026-09-14T22:13:45.8367656+08:00" testType="13cdc9d9-ddb5-4fa4-a97d-d965ccfc6d4b" outcome="Passed" testListId="8c84fa94-04c1-424b-9868-57a2d4851a1d" relativeResultsDirectory="3a5e55b7-e2e9-44a2-81b9-92301dfb4283" />
    <UnitTestResult executionId="84760347-0aea-4d4c-8485-b57afe49c587" testId="18abfde2-8eaa-8771-ac97-375611949334" testName="LoadScriptDynamicClientCatalog_LoadsOnlyRegisteredClientNameConfigs" computerName="LWH" duration="00:00:00.2337238" startTime="2026-09-14T22:13:45.8447584+08:00" endTime="2026-09-14T22:13:46.0785399+08:00" testType="13cdc9d9-ddb5-4fa4-a97d-d965ccfc6d4b" outcome="Passed" testListId="8c84fa94-04c1-424b-9868-57a2d4851a1d" relativeResultsDirectory="84760347-0aea-4d4c-8485-b57afe49c587" />
    <UnitTestResult executionId="3ee8adf0-3618-44c7-abe6-de37b6081ee1" testId="178f3852-b99e-8fd1-97ba-eb42262f303b" testName="BusinessFailure_RevertsSharedChangeAndAllowsFollowingReward (True)" computerName="LWH" duration="00:00:00.0315343" startTime="2026-09-14T22:13:46.2348312+08:00" endTime="2026-09-14T22:13:46.2664121+08:00" testType="13cdc9d9-ddb5-4fa4-a97d-d965ccfc6d4b" outcome="Passed" testListId="8c84fa94-04c1-424b-9868-57a2d4851a1d" relativeResultsDirectory="3ee8adf0-3618-44c7-abe6-de37b6081ee1" />
    <UnitTestResult executionId="8b61fc88-07b3-4ca1-a128-3d31cb7bd1e3" testId="17dea22a-5833-84b7-94e3-78804faffd48" testName="Store_UnchangedDeclarationsLeaveNoStageAndAllowRestart (False)" computerName="LWH" duration="00:00:00.1014029" startTime="2026-09-14T22:12:59.2916931+08:00" endTime="2026-09-14T22:12:59.3931703+08:00" testType="13cdc9d9-ddb5-4fa4-a97d-d965ccfc6d4b" outcome="Passed" testListId="8c84fa94-04c1-424b-9868-57a2d4851a1d" relativeResultsDirectory="8b61fc88-07b3-4ca1-a128-3d31cb7bd1e3" />
    <UnitTestResult executionId="72487f39-5c57-4ba6-8ff1-7afbaa64d4a6" testId="1ce31fef-f905-8a96-8c35-14257a8fd1e7" testName="Commit_DatabaseReceiptFailureRollsBackAllValuesAndRevisions (False)" computerName="LWH" duration="00:00:00.0306963" startTime="2026-09-14T22:13:00.7194937+08:00" endTime="2026-09-14T22:13:00.7502819+08:00" testType="13cdc9d9-ddb5-4fa4-a97d-d965ccfc6d4b" outcome="Passed" testListId="8c84fa94-04c1-424b-9868-57a2d4851a1d" relativeResultsDirectory="72487f39-5c57-4ba6-8ff1-7afbaa64d4a6" />
    <UnitTestResult executionId="f4f6deff-6843-406d-a956-6c018425491c" testId="1255012e-8f44-8924-958c-e0abb16efaf1" testName="CreateScriptItemPresentationSnapshot_CapturesSameVersionDisplayMembers" computerName="LWH" duration="00:00:00.0027559" startTime="2026-09-14T22:13:45.8261964+08:00" endTime="2026-09-14T22:13:45.8290043+08:00" testType="13cdc9d9-ddb5-4fa4-a97d-d965ccfc6d4b" outcome="Passed" testListId="8c84fa94-04c1-424b-9868-57a2d4851a1d" relativeResultsDirectory="f4f6deff-6843-406d-a956-6c018425491c" />
    <UnitTestResult executionId="72923348-829d-4310-86e0-015061d4c8de" testId="15a9b523-c99a-818d-878b-017062863d9a" testName="CreateScriptDynamicCatalog_MergesSameTypedVariableNamesAcrossTierSets" computerName="LWH" duration="00:00:00.0023940" startTime="2026-09-14T22:13:45.8367794+08:00" endTime="2026-09-14T22:13:45.8392131+08:00" testType="13cdc9d9-ddb5-4fa4-a97d-d965ccfc6d4b" outcome="Passed" testListId="8c84fa94-04c1-424b-9868-57a2d4851a1d" relativeResultsDirectory="72923348-829d-4310-86e0-015061d4c8de" />
    <UnitTestResult executionId="0c1480b2-6657-4e2a-ad60-45c6cb9a4daf" testId="1af3f537-cfc7-83e0-a5ac-cf50991a5323" testName="EnteringOwnerCannotCommitUntilExactSessionRegisters_AndOldSessionIsRejected" computerName="LWH" duration="00:00:00.0013242" startTime="2026-09-14T22:13:46.6856550+08:00" endTime="2026-09-14T22:13:46.6870798+08:00" testType="13cdc9d9-ddb5-4fa4-a97d-d965ccfc6d4b" outcome="Passed" testListId="8c84fa94-04c1-424b-9868-57a2d4851a1d" relativeResultsDirectory="0c1480b2-6657-4e2a-ad60-45c6cb9a4daf" />
    <UnitTestResult executionId="b8fdb2aa-1087-4dae-bc21-fb38cf384512" testId="143f526a-9b3a-80ea-adb5-55be663bd0ec" testName="CombatReload_GatewayConfigurationScopesDoNotCallSessionReset (Configs)" computerName="LWH" duration="00:00:00.4322377" startTime="2026-09-14T22:13:03.8186414+08:00" endTime="2026-09-14T22:13:04.2514896+08:00" testType="13cdc9d9-ddb5-4fa4-a97d-d965ccfc6d4b" outcome="Passed" testListId="8c84fa94-04c1-424b-9868-57a2d4851a1d" relativeResultsDirectory="b8fdb2aa-1087-4dae-bc21-fb38cf384512" />
    <UnitTestResult executionId="94896f04-d5ad-42a2-865f-372b934bed70" testId="13acb097-0ace-8bca-ad7f-58d60aff1b67" testName="CreateScriptDynamicCatalog_RejectsFixedMemberConflict" computerName="LWH" duration="00:00:00.0008086" startTime="2026-09-14T22:13:45.8419515+08:00" endTime="2026-09-14T22:13:45.8427917+08:00" testType="13cdc9d9-ddb5-4fa4-a97d-d965ccfc6d4b" outcome="Passed" testListId="8c84fa94-04c1-424b-9868-57a2d4851a1d" relativeResultsDirectory="94896f04-d5ad-42a2-865f-372b934bed70" />
    <UnitTestResult executionId="0722ae4c-dc52-4e78-b87d-6c76e484b68f" testId="1cec00c6-08ae-8f26-a2ec-9ff63c4bb153" testName="UnchangedDeclarations_ConfigReloadKeepsBarrierWithoutPersistentStage (Monsters)" computerName="LWH" duration="00:00:00.0817903" startTime="2026-09-14T22:13:06.8422730+08:00" endTime="2026-09-14T22:13:06.9241297+08:00" testType="13cdc9d9-ddb5-4fa4-a97d-d965ccfc6d4b" outcome="Passed" testListId="8c84fa94-04c1-424b-9868-57a2d4851a1d" relativeResultsDirectory="0722ae4c-dc52-4e78-b87d-6c76e484b68f" />
    <UnitTestResult executionId="7ec50a2e-c042-44b2-b0f9-ca9c88876b49" testId="1438b97f-f123-8faf-95e0-ff6a930a71aa" testName="CurrencyRevision_OrdersOrdinarySharedAndClearCommitsWithoutInventoryChanges" computerName="LWH" duration="00:00:00.0384973" startTime="2026-09-14T22:13:00.9686382+08:00" endTime="2026-09-14T22:13:01.0072191+08:00" testType="13cdc9d9-ddb5-4fa4-a97d-d965ccfc6d4b" outcome="Passed" testListId="8c84fa94-04c1-424b-9868-57a2d4851a1d" relativeResultsDirectory="7ec50a2e-c042-44b2-b0f9-ca9c88876b49" />
    <UnitTestResult executionId="f5bda3ae-21b2-485c-a811-cbb0dbc92225" testId="1a01b56c-9bfa-834e-993f-44d52cd7b3f6" testName="ItemReload_WhenModeChanges_RequiresOnlineMigration" computerName="LWH" duration="00:00:00.0110834" startTime="2026-09-14T22:12:59.1958924+08:00" endTime="2026-09-14T22:12:59.2231402+08:00" testType="13cdc9d9-ddb5-4fa4-a97d-d965ccfc6d4b" outcome="Passed" testListId="8c84fa94-04c1-424b-9868-57a2d4851a1d" relativeResultsDirectory="f5bda3ae-21b2-485c-a811-cbb0dbc92225" />
    <UnitTestResult executionId="70d61119-73c9-42a5-81b6-e457e0f0554f" testId="162e4453-c181-80ea-a1c4-27208077cbfc" testName="ItemReload_SameInputs_ProduceSameFingerprint" computerName="LWH" duration="00:00:00.0002409" startTime="2026-09-14T22:12:59.2271362+08:00" endTime="2026-09-14T22:12:59.2281760+08:00" testType="13cdc9d9-ddb5-4fa4-a97d-d965ccfc6d4b" outcome="Passed" testListId="8c84fa94-04c1-424b-9868-57a2d4851a1d" relativeResultsDirectory="70d61119-73c9-42a5-81b6-e457e0f0554f" />
    <UnitTestResult executionId="ee376900-871c-4f0b-9c94-0985be1b6411" testId="1c52ea9e-56b8-81eb-b8da-cc584f00548b" testName="SessionReplacementBeforeFlush_RejectsOldPendingWrite" computerName="LWH" duration="00:00:00.0291064" startTime="2026-09-14T22:13:46.2664296+08:00" endTime="2026-09-14T22:13:46.2955767+08:00" testType="13cdc9d9-ddb5-4fa4-a97d-d965ccfc6d4b" outcome="Passed" testListId="8c84fa94-04c1-424b-9868-57a2d4851a1d" relativeResultsDirectory="ee376900-871c-4f0b-9c94-0985be1b6411" />
    <UnitTestResult executionId="f6cc5b52-0abb-4fe1-9794-f92b0ec1ae28" testId="1f4021e1-942e-8cd3-b51f-7269afe5c0a2" testName="ReloadZoneAsync_CandidateVersionAndMigrationMismatchAbortAllWithoutApply" computerName="LWH" duration="00:00:00.0012422" startTime="2026-09-14T22:12:59.2851658+08:00" endTime="2026-09-14T22:12:59.2864410+08:00" testType="13cdc9d9-ddb5-4fa4-a97d-d965ccfc6d4b" outcome="Passed" testListId="8c84fa94-04c1-424b-9868-57a2d4851a1d" relativeResultsDirectory="f6cc5b52-0abb-4fe1-9794-f92b0ec1ae28" />
    <UnitTestResult executionId="45276a85-c649-4c5a-9393-2d250341354e" testId="141609ba-675a-8e41-ab83-8a6bfe634264" testName="Commit_ConcurrentFailedRequestsPersistOneOriginalRejection" computerName="LWH" duration="00:00:00.1825631" startTime="2026-09-14T22:13:00.5368206+08:00" endTime="2026-09-14T22:13:00.7194611+08:00" testType="13cdc9d9-ddb5-4fa4-a97d-d965ccfc6d4b" outcome="Passed" testListId="8c84fa94-04c1-424b-9868-57a2d4851a1d" relativeResultsDirectory="45276a85-c649-4c5a-9393-2d250341354e" />
    <UnitTestResult executionId="3849449f-52c9-45af-8a7f-b4456835eedc" testId="17f14e11-f55d-8125-b7ec-b602f78ba21e" testName="Commit_NetZeroItemTraceKeepsBothDirectionsAndReplayReceipt" computerName="LWH" duration="00:00:00.0336034" startTime="2026-09-14T22:13:01.0072499+08:00" endTime="2026-09-14T22:13:01.0409202+08:00" testType="13cdc9d9-ddb5-4fa4-a97d-d965ccfc6d4b" outcome="Passed" testListId="8c84fa94-04c1-424b-9868-57a2d4851a1d" relativeResultsDirectory="3849449f-52c9-45af-8a7f-b4456835eedc" />
    <UnitTestResult executionId="e89f9233-d383-47b3-a0cd-a927c597cc0c" testId="1213b3bb-5ff9-8c37-bcd5-b82ddf81f08f" testName="Scalars_PreserveTextBooleanDecimalAndRejectOverflowOrTypeMismatch" computerName="LWH" duration="00:00:00.0192072" startTime="2026-09-14T22:13:03.7731155+08:00" endTime="2026-09-14T22:13:03.7923900+08:00" testType="13cdc9d9-ddb5-4fa4-a97d-d965ccfc6d4b" outcome="Passed" testListId="8c84fa94-04c1-424b-9868-57a2d4851a1d" relativeResultsDirectory="e89f9233-d383-47b3-a0cd-a927c597cc0c" />
    <UnitTestResult executionId="abef50f3-1172-433c-8cbf-61ddb2e30500" testId="19eb4ac0-c631-847e-8551-98d1a8bccc55" testName="ExplicitPublicationKeepsClientCoordination" computerName="LWH" duration="00:00:00.0072370" startTime="2026-09-14T22:12:59.2483768+08:00" endTime="2026-09-14T22:12:59.2556506+08:00" testType="13cdc9d9-ddb5-4fa4-a97d-d965ccfc6d4b" outcome="Passed" testListId="8c84fa94-04c1-424b-9868-57a2d4851a1d" relativeResultsDirectory="abef50f3-1172-433c-8cbf-61ddb2e30500" />
    <UnitTestResult executionId="4ce4d30a-e3e6-4fd6-bb88-c8e88fcc8ab6" testId="19e5b1f1-0049-8846-90b7-b96d00afff70" testName="Authority_CompletionOwnsItsStageAndCannotUndoCommit (False)" computerName="LWH" duration="00:00:00.0326862" startTime="2026-09-14T22:12:59.4286306+08:00" endTime="2026-09-14T22:12:59.4613807+08:00" testType="13cdc9d9-ddb5-4fa4-a97d-d965ccfc6d4b" outcome="Passed" testListId="8c84fa94-04c1-424b-9868-57a2d4851a1d" relativeResultsDirectory="4ce4d30a-e3e6-4fd6-bb88-c8e88fcc8ab6" />
    <UnitTestResult executionId="1fb1c234-07a7-4cdc-b890-ba154fb6bdfd" testId="12cfee6b-9640-848a-ae1b-2ac14418bc08" testName="BaselineInitialization_AllowsMonsterFixedAffixWithoutTierSet" computerName="LWH" duration="00:00:00.0889095" startTime="2026-09-14T22:13:05.7996733+08:00" endTime="2026-09-14T22:13:05.8886643+08:00" testType="13cdc9d9-ddb5-4fa4-a97d-d965ccfc6d4b" outcome="Passed" testListId="8c84fa94-04c1-424b-9868-57a2d4851a1d" relativeResultsDirectory="1fb1c234-07a7-4cdc-b890-ba154fb6bdfd" />
    <UnitTestResult executionId="84bdb96b-7f43-44f9-9fce-e406c2c4e912" testId="1b6ea965-3e82-8b84-bf50-01a498dea1cb" testName="CreateScriptDynamicCatalog_UsesCompleteWorkspaceCatalogAndUiContexts" computerName="LWH" duration="00:00:00.0283344" startTime="2026-09-14T22:13:45.7970001+08:00" endTime="2026-09-14T22:13:45.8261713+08:00" testType="13cdc9d9-ddb5-4fa4-a97d-d965ccfc6d4b" outcome="Passed" testListId="8c84fa94-04c1-424b-9868-57a2d4851a1d" relativeResultsDirectory="84bdb96b-7f43-44f9-9fce-e406c2c4e912" />
    <UnitTestResult executionId="796c1b24-c4cd-4530-a264-7b8d07cc0413" testId="1722ffba-1b9c-8f22-8fc2-9123b519f52a" testName="ScriptReload_PreparationBenchmark (74,True,False)" computerName="LWH" duration="00:00:02.6921809" startTime="2026-09-14T22:13:10.9900156+08:00" endTime="2026-09-14T22:13:13.6823466+08:00" testType="13cdc9d9-ddb5-4fa4-a97d-d965ccfc6d4b" outcome="Passed" testListId="8c84fa94-04c1-424b-9868-57a2d4851a1d" relativeResultsDirectory="796c1b24-c4cd-4530-a264-7b8d07cc0413">
      <Output>
        <StdOut>TestContext 消息:&#xD;
GeneratedScripts=74; ChangeOne=True; Commit=False; Samples=20; MedianMs=99.415; P95Ms=108.691; MedianAllocatedBytes=7598736; TotalPrepareCpuMs=2796.875&#xD;
脚本重载准备完成：区服=baseline-test，服务=MapServer，版本=config-73febf7f3996d108，读取=87.3277毫秒，校验=6.9831毫秒，指令生成=3.366毫秒，脚本数=76，脚本字节数=10287，解析次数=76。</StdOut>
      </Output>
    </UnitTestResult>
    <UnitTestResult executionId="0b64e45c-f462-4f7d-84c3-0e2e58cdaf70" testId="1fe73f55-004f-875f-9399-8fcaa72160b5" testName="ItemReload_WhenLimitsIncrease_DoesNotRequireInstanceMigration" computerName="LWH" duration="00:00:00.0001681" startTime="2026-09-14T22:12:59.2267995+08:00" endTime="2026-09-14T22:12:59.2269968+08:00" testType="13cdc9d9-ddb5-4fa4-a97d-d965ccfc6d4b" outcome="Passed" testListId="8c84fa94-04c1-424b-9868-57a2d4851a1d" relativeResultsDirectory="0b64e45c-f462-4f7d-84c3-0e2e58cdaf70" />
    <UnitTestResult executionId="c824375f-6471-47d1-a40e-e10430afc190" testId="1bb61800-a93b-87b7-89a7-580451432518" testName="UnchangedDeclarations_InterruptedUpdateDoesNotBlockNextRun (&quot;interrupted&quot;)" computerName="LWH" duration="00:00:00.0720923" startTime="2026-09-14T22:13:07.3426665+08:00" endTime="2026-09-14T22:13:07.4148320+08:00" testType="13cdc9d9-ddb5-4fa4-a97d-d965ccfc6d4b" outcome="Passed" testListId="8c84fa94-04c1-424b-9868-57a2d4851a1d" relativeResultsDirectory="c824375f-6471-47d1-a40e-e10430afc190" />
    <UnitTestResult executionId="53c30f18-49be-4d88-8ca9-f28e119b1c46" testId="1eea413a-1ba0-87dc-9aa9-9ff2dc2d0972" testName="BuildSnapshot_BindsPageOpenContextOnlyToUiPresentationPaths (&quot;system/not-ui/Equipment&quot;,False)" computerName="LWH" duration="00:00:00.0007551" startTime="2026-09-14T22:13:45.8336331+08:00" endTime="2026-09-14T22:13:45.8344255+08:00" testType="13cdc9d9-ddb5-4fa4-a97d-d965ccfc6d4b" outcome="Passed" testListId="8c84fa94-04c1-424b-9868-57a2d4851a1d" relativeResultsDirectory="53c30f18-49be-4d88-8ca9-f28e119b1c46" />
    <UnitTestResult executionId="c581a28e-268c-4787-903b-be1664763118" testId="12e5912e-a710-8a5b-8285-af6b1c80e65e" testName="Commit_FullBagRejectsSharedCurrencyAndItemsTogether" computerName="LWH" duration="00:00:00.0288870" startTime="2026-09-14T22:13:00.4709537+08:00" endTime="2026-09-14T22:13:00.4998995+08:00" testType="13cdc9d9-ddb5-4fa4-a97d-d965ccfc6d4b" outcome="Passed" testListId="8c84fa94-04c1-424b-9868-57a2d4851a1d" relativeResultsDirectory="c581a28e-268c-4787-903b-be1664763118" />
    <UnitTestResult executionId="f63ebba0-099a-480b-b970-e9c9884ee285" testId="19f9bded-10d5-8db1-9290-847b4fc701a8" testName="Store_PendingDeclarationStageRejectsEconomicCommitBeforeAnyReceipt" computerName="LWH" duration="00:00:00.0769775" startTime="2026-09-14T22:12:59.7735847+08:00" endTime="2026-09-14T22:12:59.8506175+08:00" testType="13cdc9d9-ddb5-4fa4-a97d-d965ccfc6d4b" outcome="Passed" testListId="8c84fa94-04c1-424b-9868-57a2d4851a1d" relativeResultsDirectory="f63ebba0-099a-480b-b970-e9c9884ee285" />
    <UnitTestResult executionId="36c49524-2543-449a-85a5-3ad13218875a" testId="1ae7155f-07b8-8451-80e7-83f2be486a8a" testName="UnchangedDeclarations_InterruptedUpdateDoesNotBlockNextRun (&quot;finalize-failure&quot;)" computerName="LWH" duration="00:00:00.0821115" startTime="2026-09-14T22:13:07.2604458+08:00" endTime="2026-09-14T22:13:07.3426399+08:00" testType="13cdc9d9-ddb5-4fa4-a97d-d965ccfc6d4b" outcome="Passed" testListId="8c84fa94-04c1-424b-9868-57a2d4851a1d" relativeResultsDirectory="36c49524-2543-449a-85a5-3ad13218875a" />
    <UnitTestResult executionId="dcf99ebd-2fa1-4095-bad1-fa4c7944caa8" testId="15de29e0-8bdb-8e89-a7e7-3da88d0ae4ff" testName="FirstItemsReload_UsesBaselineSkillAndDoesNotApplyDiskSkillChange" computerName="LWH" duration="00:00:00.0678317" startTime="2026-09-14T22:13:05.4575879+08:00" endTime="2026-09-14T22:13:05.5254902+08:00" testType="13cdc9d9-ddb5-4fa4-a97d-d965ccfc6d4b" outcome="Passed" testListId="8c84fa94-04c1-424b-9868-57a2d4851a1d" relativeResultsDirectory="dcf99ebd-2fa1-4095-bad1-fa4c7944caa8" />
    <UnitTestResult executionId="41f61056-116e-4e25-b412-fb0faf8b6f49" testId="16190a23-ae8b-84e4-9e65-0ddbc1bfd5ea" testName="Placeholder_RejectsInvalidOrOversizedWritesAndMarkingExistingOversizedText" computerName="LWH" duration="00:00:00.0261027" startTime="2026-09-14T22:13:03.7924283+08:00" endTime="2026-09-14T22:13:03.8186127+08:00" testType="13cdc9d9-ddb5-4fa4-a97d-d965ccfc6d4b" outcome="Passed" testListId="8c84fa94-04c1-424b-9868-57a2d4851a1d" relativeResultsDirectory="41f61056-116e-4e25-b412-fb0faf8b6f49" />
    <UnitTestResult executionId="b498cad0-3793-4547-b7fe-99de0709819a" testId="1dd8412c-8a77-89a7-ad2f-6e28d1529e18" testName="Batch_OverBudgetRollsBackOnlyOffendingRequestAndKeepsRejectedReceipt (False)" computerName="LWH" duration="00:00:00.0841919" startTime="2026-09-14T22:12:59.9411318+08:00" endTime="2026-09-14T22:13:00.0253872+08:00" testType="13cdc9d9-ddb5-4fa4-a97d-d965ccfc6d4b" outcome="Passed" testListId="8c84fa94-04c1-424b-9868-57a2d4851a1d" relativeResultsDirectory="b498cad0-3793-4547-b7fe-99de0709819a" />
    <UnitTestResult executionId="659389ac-3727-4a13-8da5-6ef18e6b5558" testId="1fd8ed61-cc19-8d80-9f19-77921350e243" testName="VolatileGrowth_RejectsOversizedFullSnapshotAndKeepsPriorValue" computerName="LWH" duration="00:00:00.0781573" startTime="2026-09-14T22:13:46.6074200+08:00" endTime="2026-09-14T22:13:46.6856265+08:00" testType="13cdc9d9-ddb5-4fa4-a97d-d965ccfc6d4b" outcome="Passed" testListId="8c84fa94-04c1-424b-9868-57a2d4851a1d" relativeResultsDirectory="659389ac-3727-4a13-8da5-6ef18e6b5558" />
    <UnitTestResult executionId="b1b6e4a8-13c2-42d2-ac22-45b5f3295088" testId="12b750c5-d8ff-80e3-b7c7-ff24a5d023d5" testName="BuildSnapshot_BindsPageOpenContextOnlyToUiPresentationPaths (&quot;npc/ui/content/1001&quot;,True)" computerName="LWH" duration="00:00:00.0002670" startTime="2026-09-14T22:13:45.8333155+08:00" endTime="2026-09-14T22:13:45.8336187+08:00" testType="13cdc9d9-ddb5-4fa4-a97d-d965ccfc6d4b" outcome="Passed" testListId="8c84fa94-04c1-424b-9868-57a2d4851a1d" relativeResultsDirectory="b1b6e4a8-13c2-42d2-ac22-45b5f3295088" />
    <UnitTestResult executionId="af899276-a15a-47e5-ba36-58d808730587" testId="15bed118-67d5-82b4-a3d4-86dc8787773c" testName="LastSlot_TwoMapSessionsInOneBatchOnlyGrantOneCompleteReward" computerName="LWH" duration="00:00:00.0376582" startTime="2026-09-14T22:13:46.1249505+08:00" endTime="2026-09-14T22:13:46.1626694+08:00" testType="13cdc9d9-ddb5-4fa4-a97d-d965ccfc6d4b" outcome="Passed" testListId="8c84fa94-04c1-424b-9868-57a2d4851a1d" relativeResultsDirectory="af899276-a15a-47e5-ba36-58d808730587" />
    <UnitTestResult executionId="c04efb9e-00a7-4bf3-84b9-30b565b9af92" testId="1f709e68-ab73-8d3d-83c3-d6b38ac4678a" testName="StorageFailure_RollsBackEarlierRewardAndRetainsWholeBatchForRetry" computerName="LWH" duration="00:00:00.0333218" startTime="2026-09-14T22:13:46.1626914+08:00" endTime="2026-09-14T22:13:46.1960638+08:00" testType="13cdc9d9-ddb5-4fa4-a97d-d965ccfc6d4b" outcome="Passed" testListId="8c84fa94-04c1-424b-9868-57a2d4851a1d" relativeResultsDirectory="c04efb9e-00a7-4bf3-84b9-30b565b9af92" />
    <UnitTestResult executionId="138b9bd1-9d55-436d-884c-784787f00a56" testId="1286c2a6-1952-86ab-a609-f0d5192da6f4" testName="Store_CharacterPlaceholderCatalogSharesDeclarationStageAndAbort (False)" computerName="LWH" duration="00:00:00.0211034" startTime="2026-09-14T22:12:59.8506378+08:00" endTime="2026-09-14T22:12:59.8717928+08:00" testType="13cdc9d9-ddb5-4fa4-a97d-d965ccfc6d4b" outcome="Passed" testListId="8c84fa94-04c1-424b-9868-57a2d4851a1d" relativeResultsDirectory="138b9bd1-9d55-436d-884c-784787f00a56" />
    <UnitTestResult executionId="b63e51a6-8412-4164-99a3-efc69d9aa06b" testId="1f348b4b-7b36-864e-b8b3-488a8cbe1b97" testName="BaselineFailure_LogsSummaryAndEveryIssueDetail" computerName="LWH" duration="00:00:00.0490638" startTime="2026-09-14T22:13:05.6393499+08:00" endTime="2026-09-14T22:13:05.6884863+08:00" testType="13cdc9d9-ddb5-4fa4-a97d-d965ccfc6d4b" outcome="Passed" testListId="8c84fa94-04c1-424b-9868-57a2d4851a1d" relativeResultsDirectory="b63e51a6-8412-4164-99a3-efc69d9aa06b" />
    <UnitTestResult executionId="6bcde2a3-acdc-43b4-bcaf-f19649395bb6" testId="181b1404-9c76-8d7e-aee7-ae208b25e16b" testName="LoadSkillCatalog_MissingBasicAttackReplacementDefaultsFalseWithoutRewritingFile" computerName="LWH" duration="00:00:00.0121192" startTime="2026-09-14T22:13:06.3064425+08:00" endTime="2026-09-14T22:13:06.3186182+08:00" testType="13cdc9d9-ddb5-4fa4-a97d-d965ccfc6d4b" outcome="Passed" testListId="8c84fa94-04c1-424b-9868-57a2d4851a1d" relativeResultsDirectory="6bcde2a3-acdc-43b4-bcaf-f19649395bb6" />
    <UnitTestResult executionId="98903847-8588-4d1e-9883-16a22c328282" testId="13e83957-f1ae-8b87-b1e6-f7a74d24365a" testName="Commit_LastCurrencyFailureRollsBackEconomyAndRecordsRejection" computerName="LWH" duration="00:00:00.0306735" startTime="2026-09-14T22:13:00.1809103+08:00" endTime="2026-09-14T22:13:00.2116325+08:00" testType="13cdc9d9-ddb5-4fa4-a97d-d965ccfc6d4b" outcome="Passed" testListId="8c84fa94-04c1-424b-9868-57a2d4851a1d" relativeResultsDirectory="98903847-8588-4d1e-9883-16a22c328282" />
    <UnitTestResult executionId="185ad059-fdee-4960-8dac-697743429298" testId="1593505c-298c-8c33-b03d-252f555e5f53" testName="CreateScriptDynamicCatalog_RejectsInvalidDynamicMemberName (&quot;错误 名称&quot;,&quot;Unicode 空白&quot;)" computerName="LWH" duration="00:00:00.0004562" startTime="2026-09-14T22:13:45.8402694+08:00" endTime="2026-09-14T22:13:45.8407743+08:00" testType="13cdc9d9-ddb5-4fa4-a97d-d965ccfc6d4b" outcome="Passed" testListId="8c84fa94-04c1-424b-9868-57a2d4851a1d" relativeResultsDirectory="185ad059-fdee-4960-8dac-697743429298" />
    <UnitTestResult executionId="4092eb73-4cb0-40f3-8f11-23f14adf6782" testId="1f8b1466-d3c0-8645-aa2e-4b6119da4086" testName="Store_CompletionFailurePreservesStageAndDiagnosesTransaction (True)" computerName="LWH" duration="00:00:00.0210314" startTime="2026-09-14T22:12:59.5164475+08:00" endTime="2026-09-14T22:12:59.5375388+08:00" testType="13cdc9d9-ddb5-4fa4-a97d-d965ccfc6d4b" outcome="Passed" testListId="8c84fa94-04c1-424b-9868-57a2d4851a1d" relativeResultsDirectory="4092eb73-4cb0-40f3-8f11-23f14adf6782" />
    <UnitTestResult executionId="05edd5dd-9d2d-46c1-84e7-a3137a2d77ed" testId="12a4f225-97ce-8211-b97c-42e8b35eac88" testName="Authority_CompletionOwnsItsStageAndCannotUndoCommit (True)" computerName="LWH" duration="00:00:00.0280153" startTime="2026-09-14T22:12:59.4614031+08:00" endTime="2026-09-14T22:12:59.4894706+08:00" testType="13cdc9d9-ddb5-4fa4-a97d-d965ccfc6d4b" outcome="Passed" testListId="8c84fa94-04c1-424b-9868-57a2d4851a1d" relativeResultsDirectory="05edd5dd-9d2d-46c1-84e7-a3137a2d77ed" />
    <UnitTestResult executionId="57c6ba88-f058-4b6a-a014-b0f452d79193" testId="11479a61-b992-8d9e-9365-b555cf40b429" testName="PackageTransactionKeepsOldSourceDuringPrepareAndCommitsOrRestores (False)" computerName="LWH" duration="00:00:00.2674017" startTime="2026-09-14T22:13:07.5639055+08:00" endTime="2026-09-14T22:13:07.8313937+08:00" testType="13cdc9d9-ddb5-4fa4-a97d-d965ccfc6d4b" outcome="Passed" testListId="8c84fa94-04c1-424b-9868-57a2d4851a1d" relativeResultsDirectory="57c6ba88-f058-4b6a-a014-b0f452d79193" />
    <UnitTestResult executionId="b1d0d307-c00a-4f60-be41-259c9c2af487" testId="199a58f2-01e4-8750-9b4c-995a3e443f35" testName="Batch_OverBudgetRollsBackOnlyOffendingRequestAndKeepsRejectedReceipt (True)" computerName="LWH" duration="00:00:00.1084138" startTime="2026-09-14T22:13:00.0254119+08:00" endTime="2026-09-14T22:13:00.1338975+08:00" testType="13cdc9d9-ddb5-4fa4-a97d-d965ccfc6d4b" outcome="Passed" testListId="8c84fa94-04c1-424b-9868-57a2d4851a1d" relativeResultsDirectory="b1d0d307-c00a-4f60-be41-259c9c2af487" />
    <UnitTestResult executionId="8bf1f35a-5f8f-481a-b3a9-426a7f7659be" testId="1e821093-09c1-8413-96af-93159972b640" testName="StagedDeclarations_OverBudgetPreserveOldInstalledDirectory" computerName="LWH" duration="00:00:00.0252251" startTime="2026-09-14T22:12:59.9158256+08:00" endTime="2026-09-14T22:12:59.9411076+08:00" testType="13cdc9d9-ddb5-4fa4-a97d-d965ccfc6d4b" outcome="Passed" testListId="8c84fa94-04c1-424b-9868-57a2d4851a1d" relativeResultsDirectory="8bf1f35a-5f8f-481a-b3a9-426a7f7659be" />
    <UnitTestResult executionId="70cf6fd2-7f9b-4e92-afb0-50e2bd3f5ded" testId="17cf1d68-d8cc-85ad-881c-38feba489f2b" testName="CombatReload_StagedReplayIsIdempotentAndAbortRestoresAttributesAndGlobals" computerName="LWH" duration="00:00:00.3272570" startTime="2026-09-14T22:13:04.9659001+08:00" endTime="2026-09-14T22:13:05.2932334+08:00" testType="13cdc9d9-ddb5-4fa4-a97d-d965ccfc6d4b" outcome="Passed" testListId="8c84fa94-04c1-424b-9868-57a2d4851a1d" relativeResultsDirectory="70cf6fd2-7f9b-4e92-afb0-50e2bd3f5ded" />
    <UnitTestResult executionId="337fc64d-78f1-4cdf-946f-3589ce094b5d" testId="1974adf5-c102-862f-878e-e792b8957a6d" testName="EnteringPrepare_ReturnsEconomyOnlyAfterRegistrationThenRewardWaitsForNextFlush" computerName="LWH" duration="00:00:00.0387820" startTime="2026-09-14T22:13:46.4949509+08:00" endTime="2026-09-14T22:13:46.5337831+08:00" testType="13cdc9d9-ddb5-4fa4-a97d-d965ccfc6d4b" outcome="Passed" testListId="8c84fa94-04c1-424b-9868-57a2d4851a1d" relativeResultsDirectory="337fc64d-78f1-4cdf-946f-3589ce094b5d" />
    <UnitTestResult executionId="64425cd1-49ad-41f9-9c9c-d8ab94e26009" testId="161d5096-6255-8fa6-be44-6a574ad2ec07" testName="FirstConfigsReload_UsesCompleteBaselineAndUpdatesActiveMapRuntime" computerName="LWH" duration="00:00:00.1641928" startTime="2026-09-14T22:13:05.2932732+08:00" endTime="2026-09-14T22:13:05.4575514+08:00" testType="13cdc9d9-ddb5-4fa4-a97d-d965ccfc6d4b" outcome="Passed" testListId="8c84fa94-04c1-424b-9868-57a2d4851a1d" relativeResultsDirectory="64425cd1-49ad-41f9-9c9c-d8ab94e26009" />
    <UnitTestResult executionId="83d78f69-8d40-4c5e-ab7d-919ae97e9782" testId="11538a2b-292f-8b01-89ad-ace9c23230fe" testName="Prepare_RejectsVariableTypeChangeWithoutReplacingSnapshotAndAllowsRetry (True)" computerName="LWH" duration="00:00:00.1343939" startTime="2026-09-14T22:13:45.4089532+08:00" endTime="2026-09-14T22:13:45.5434268+08:00" testType="13cdc9d9-ddb5-4fa4-a97d-d965ccfc6d4b" outcome="Passed" testListId="8c84fa94-04c1-424b-9868-57a2d4851a1d" relativeResultsDirectory="83d78f69-8d40-4c5e-ab7d-919ae97e9782" />
    <UnitTestResult executionId="bc8deeb4-d5da-49cb-b77e-6b71639f8d63" testId="180fe14f-9d1c-8406-9c13-3ea3a4dcaa71" testName="CreateScriptDynamicCatalog_RejectsDuplicateVisibleNameAfterRichTextProjection" computerName="LWH" duration="00:00:00.0007978" startTime="2026-09-14T22:13:45.8411072+08:00" endTime="2026-09-14T22:13:45.8419377+08:00" testType="13cdc9d9-ddb5-4fa4-a97d-d965ccfc6d4b" outcome="Passed" testListId="8c84fa94-04c1-424b-9868-57a2d4851a1d" relativeResultsDirectory="bc8deeb4-d5da-49cb-b77e-6b71639f8d63" />
    <UnitTestResult executionId="9523de6b-deff-4077-abea-04bd278a85dd" testId="1c61a505-a837-85f2-ad97-4a801119154b" testName="LoadSkillCatalog_RejectsReplacementForReleaseSkill" computerName="LWH" duration="00:00:00.0145170" startTime="2026-09-14T22:13:06.3186455+08:00" endTime="2026-09-14T22:13:06.3332183+08:00" testType="13cdc9d9-ddb5-4fa4-a97d-d965ccfc6d4b" outcome="Passed" testListId="8c84fa94-04c1-424b-9868-57a2d4851a1d" relativeResultsDirectory="9523de6b-deff-4077-abea-04bd278a85dd" />
    <UnitTestResult executionId="5648712f-4c10-435a-8dda-1ee8b7288f09" testId="1f0b69f4-8039-8e59-8cf2-88f125574e64" testName="ReloadZoneAsync_PropagatesGatewayPrepareChangesAndIssuesToFinalResponse" computerName="LWH" duration="00:00:00.0010225" startTime="2026-09-14T22:12:59.2900693+08:00" endTime="2026-09-14T22:12:59.2911180+08:00" testType="13cdc9d9-ddb5-4fa4-a97d-d965ccfc6d4b" outcome="Passed" testListId="8c84fa94-04c1-424b-9868-57a2d4851a1d" relativeResultsDirectory="5648712f-4c10-435a-8dda-1ee8b7288f09" />
    <UnitTestResult executionId="a20b8fff-e5da-46da-9e73-7a3afa0c43b4" testId="126575c1-993c-897d-9fae-0e15acd69418" testName="UnchangedDeclarations_ConfigReloadKeepsBarrierWithoutPersistentStage (Items)" computerName="LWH" duration="00:00:00.0996397" startTime="2026-09-14T22:13:06.7425420+08:00" endTime="2026-09-14T22:13:06.8422495+08:00" testType="13cdc9d9-ddb5-4fa4-a97d-d965ccfc6d4b" outcome="Passed" testListId="8c84fa94-04c1-424b-9868-57a2d4851a1d" relativeResultsDirectory="a20b8fff-e5da-46da-9e73-7a3afa0c43b4" />
    <UnitTestResult executionId="7cd56420-69a1-4f06-a601-4a646819fa24" testId="1141715c-271b-8f9b-be4c-337c9ce6ead9" testName="CreateScriptDynamicCatalog_RejectsMissingClientItemPair" computerName="LWH" duration="00:00:00.0003494" startTime="2026-09-14T22:13:45.8428075+08:00" endTime="2026-09-14T22:13:45.8431876+08:00" testType="13cdc9d9-ddb5-4fa4-a97d-d965ccfc6d4b" outcome="Passed" testListId="8c84fa94-04c1-424b-9868-57a2d4851a1d" relativeResultsDirectory="7cd56420-69a1-4f06-a601-4a646819fa24" />
    <UnitTestResult executionId="3fa71495-0698-4c72-aaaf-37ddd54dc2cc" testId="183fb5f2-4a93-8f04-982b-7be65b71a9b5" testName="LoadSkillCatalog_RejectsInvalidClientSkillPair (&quot;mismatched-id&quot;)" computerName="LWH" duration="00:00:00.0313241" startTime="2026-09-14T22:13:06.2592639+08:00" endTime="2026-09-14T22:13:06.2907084+08:00" testType="13cdc9d9-ddb5-4fa4-a97d-d965ccfc6d4b" outcome="Passed" testListId="8c84fa94-04c1-424b-9868-57a2d4851a1d" relativeResultsDirectory="3fa71495-0698-4c72-aaaf-37ddd54dc2cc" />
    <UnitTestResult executionId="779c3818-f150-46ca-8dd4-ac9e49091d56" testId="15bcd467-9c9e-8a5e-8b76-c53a15bf834c" testName="Commit_RejectsWrongAccountStaleSharedReadAndStaleInventory" computerName="LWH" duration="00:00:00.0304208" startTime="2026-09-14T22:13:00.2121385+08:00" endTime="2026-09-14T22:13:00.2426118+08:00" testType="13cdc9d9-ddb5-4fa4-a97d-d965ccfc6d4b" outcome="Passed" testListId="8c84fa94-04c1-424b-9868-57a2d4851a1d" relativeResultsDirectory="779c3818-f150-46ca-8dd4-ac9e49091d56" />
    <UnitTestResult executionId="3a6d81bb-17ad-4df4-90a2-a789d4c824f4" testId="134d5113-b014-852b-8210-4cdd81818f4f" testName="CombatReload_GatewayConfigurationScopesDoNotCallSessionReset (Maps)" computerName="LWH" duration="00:00:00.0698608" startTime="2026-09-14T22:13:04.3269404+08:00" endTime="2026-09-14T22:13:04.3969001+08:00" testType="13cdc9d9-ddb5-4fa4-a97d-d965ccfc6d4b" outcome="Passed" testListId="8c84fa94-04c1-424b-9868-57a2d4851a1d" relativeResultsDirectory="3a6d81bb-17ad-4df4-90a2-a789d4c824f4" />
    <UnitTestResult executionId="f88dae02-29aa-4d4d-a687-14b2b34671c1" testId="13878fb0-ffb2-8c2f-8d44-9e5c04cdfadc" testName="FirstConfigsReload_InvalidSkillAffixReferenceKeepsPreviousSnapshot (&quot;disallowed&quot;)" computerName="LWH" duration="00:00:00.1029726" startTime="2026-09-14T22:13:06.5823302+08:00" endTime="2026-09-14T22:13:06.6853962+08:00" testType="13cdc9d9-ddb5-4fa4-a97d-d965ccfc6d4b" outcome="Passed" testListId="8c84fa94-04c1-424b-9868-57a2d4851a1d" relativeResultsDirectory="f88dae02-29aa-4d4d-a687-14b2b34671c1" />
    <UnitTestResult executionId="7cd7de09-787e-4bdd-b8ef-0049c63140a1" testId="1753fdb4-4b73-8f9d-bcec-7737fabadd1f" testName="ItemReload_WhenPositiveUseCountItemIsAddedOrRemoved_RequiresOnlineMigration" computerName="LWH" duration="00:00:00.0001055" startTime="2026-09-14T22:12:59.2270060+08:00" endTime="2026-09-14T22:12:59.2271292+08:00" testType="13cdc9d9-ddb5-4fa4-a97d-d965ccfc6d4b" outcome="Passed" testListId="8c84fa94-04c1-424b-9868-57a2d4851a1d" relativeResultsDirectory="7cd7de09-787e-4bdd-b8ef-0049c63140a1" />
    <UnitTestResult executionId="0293ac13-1804-411a-ae4b-f5a8bd7b83db" testId="1d23d570-1f65-8321-9935-34d835ec1c42" testName="ConfigsReload_MissingClientConfigsKeepsPreviousSnapshot" computerName="LWH" duration="00:00:00.0570301" startTime="2026-09-14T22:13:06.6854268+08:00" endTime="2026-09-14T22:13:06.7425108+08:00" testType="13cdc9d9-ddb5-4fa4-a97d-d965ccfc6d4b" outcome="Passed" testListId="8c84fa94-04c1-424b-9868-57a2d4851a1d" relativeResultsDirectory="0293ac13-1804-411a-ae4b-f5a8bd7b83db" />
    <UnitTestResult executionId="39c66b30-cbef-49ae-b06a-60934a8cad95" testId="15d9b2ba-0cc0-8473-8052-41430d3537c1" testName="Commit_FailedRequestKeepsOriginalResultAfterCapacityChangesAndRejectsChangedPayload" computerName="LWH" duration="00:00:00.0367615" startTime="2026-09-14T22:13:00.4999220+08:00" endTime="2026-09-14T22:13:00.5367395+08:00" testType="13cdc9d9-ddb5-4fa4-a97d-d965ccfc6d4b" outcome="Passed" testListId="8c84fa94-04c1-424b-9868-57a2d4851a1d" relativeResultsDirectory="39c66b30-cbef-49ae-b06a-60934a8cad95" />
    <UnitTestResult executionId="65203783-33a9-487b-a1cb-ff9a7fd04bbb" testId="1ed06886-4430-8b0a-806d-6d9ad9eeee2a" testName="BusinessFailure_RevertsSharedChangeAndAllowsFollowingReward (False)" computerName="LWH" duration="00:00:00.0386857" startTime="2026-09-14T22:13:46.1960827+08:00" endTime="2026-09-14T22:13:46.2348139+08:00" testType="13cdc9d9-ddb5-4fa4-a97d-d965ccfc6d4b" outcome="Passed" testListId="8c84fa94-04c1-424b-9868-57a2d4851a1d" relativeResultsDirectory="65203783-33a9-487b-a1cb-ff9a7fd04bbb" />
    <UnitTestResult executionId="7b0b17b8-7d25-45c6-b363-59916e6b3ef8" testId="1ea3ac1d-e512-87cc-b906-4da55547957c" testName="CreateScriptItemPresentationSnapshot_RejectsMissingItemOrQualityMember" computerName="LWH" duration="00:00:00.0018924" startTime="2026-09-14T22:13:45.8294189+08:00" endTime="2026-09-14T22:13:45.8313568+08:00" testType="13cdc9d9-ddb5-4fa4-a97d-d965ccfc6d4b" outcome="Passed" testListId="8c84fa94-04c1-424b-9868-57a2d4851a1d" relativeResultsDirectory="7b0b17b8-7d25-45c6-b363-59916e6b3ef8" />
    <UnitTestResult executionId="66fbba7e-19de-4f6f-9706-68db0bc6664e" testId="1892947c-37a0-83db-81f4-4560035e9bf0" testName="Mutate_TwoIndependentStoresDoNotLoseIncrements" computerName="LWH" duration="00:00:02.6661224" startTime="2026-09-14T22:13:01.0822959+08:00" endTime="2026-09-14T22:13:03.7485012+08:00" testType="13cdc9d9-ddb5-4fa4-a97d-d965ccfc6d4b" outcome="Passed" testListId="8c84fa94-04c1-424b-9868-57a2d4851a1d" relativeResultsDirectory="66fbba7e-19de-4f6f-9706-68db0bc6664e" />
    <UnitTestResult executionId="bbd6a4a7-183f-4f21-a19e-accae21aa8cb" testId="1c879740-414c-8694-ab77-d94fb1207b43" testName="Store_StageReentryUsesSameTransactionAndAbortRestoresMarker" computerName="LWH" duration="00:00:00.0211582" startTime="2026-09-14T22:12:59.7518368+08:00" endTime="2026-09-14T22:12:59.7730445+08:00" testType="13cdc9d9-ddb5-4fa4-a97d-d965ccfc6d4b" outcome="Passed" testListId="8c84fa94-04c1-424b-9868-57a2d4851a1d" relativeResultsDirectory="bbd6a4a7-183f-4f21-a19e-accae21aa8cb" />
    <UnitTestResult executionId="687b076b-2453-4125-9535-f0680e9f302f" testId="1ed49eef-fd55-8ac6-97b2-cb367b82f798" testName="BaselineInitialization_CompilesFixedUiTopLevelStatementsWithPageContext" computerName="LWH" duration="00:00:00.3005789" startTime="2026-09-14T22:13:05.9402142+08:00" endTime="2026-09-14T22:13:06.2408632+08:00" testType="13cdc9d9-ddb5-4fa4-a97d-d965ccfc6d4b" outcome="Passed" testListId="8c84fa94-04c1-424b-9868-57a2d4851a1d" relativeResultsDirectory="687b076b-2453-4125-9535-f0680e9f302f" />
    <UnitTestResult executionId="d95afca1-e703-4116-b6f9-25d6d62aecde" testId="1a28a3ad-2b2b-8185-bd81-0f7a236ce358" testName="Store_UnchangedDeclarationsLeaveNoStageAndAllowRestart (True)" computerName="LWH" duration="00:00:00.0191133" startTime="2026-09-14T22:12:59.3931938+08:00" endTime="2026-09-14T22:12:59.4123659+08:00" testType="13cdc9d9-ddb5-4fa4-a97d-d965ccfc6d4b" outcome="Passed" testListId="8c84fa94-04c1-424b-9868-57a2d4851a1d" relativeResultsDirectory="d95afca1-e703-4116-b6f9-25d6d62aecde" />
    <UnitTestResult executionId="4a420087-dbcc-4e2d-8007-a3e921c613fa" testId="146c3a1d-c86a-8d40-97ff-b96f3cfe5b2c" testName="ScriptReload_PreparationBenchmark (1000,True,False)" computerName="LWH" duration="00:00:28.7226764" startTime="2026-09-14T22:13:13.6826880+08:00" endTime="2026-09-14T22:13:42.4054649+08:00" testType="13cdc9d9-ddb5-4fa4-a97d-d965ccfc6d4b" outcome="Passed" testListId="8c84fa94-04c1-424b-9868-57a2d4851a1d" relativeResultsDirectory="4a420087-dbcc-4e2d-8007-a3e921c613fa">
      <Output>
        <StdOut>TestContext 消息:&#xD;
GeneratedScripts=1000; ChangeOne=True; Commit=False; Samples=20; MedianMs=1043.831; P95Ms=1096.302; MedianAllocatedBytes=75748768; TotalPrepareCpuMs=20796.875&#xD;
脚本重载准备完成：区服=baseline-test，服务=MapServer，版本=config-cf2e2a83abb152c5，读取=856.8548毫秒，校验=133.4317毫秒，指令生成=64.7317毫秒，脚本数=1002，脚本字节数=138975，解析次数=1002。</StdOut>
      </Output>
    </UnitTestResult>
    <UnitTestResult executionId="a27ec3d3-f496-4687-9565-3cb590762645" testId="1b8d8629-89ac-8765-b6aa-ac84422c760c" testName="ScriptReload_PreparationBenchmark (74,True,True)" computerName="LWH" duration="00:00:02.6707044" startTime="2026-09-14T22:13:42.4056779+08:00" endTime="2026-09-14T22:13:45.0764633+08:00" testType="13cdc9d9-ddb5-4fa4-a97d-d965ccfc6d4b" outcome="Passed" testListId="8c84fa94-04c1-424b-9868-57a2d4851a1d" relativeResultsDirectory="a27ec3d3-f496-4687-9565-3cb590762645">
      <Output>
        <StdOut>TestContext 消息:&#xD;
GeneratedScripts=74; ChangeOne=True; Commit=True; Samples=20; MedianMs=98.975; P95Ms=115.072; MedianAllocatedBytes=7597576; TotalPrepareCpuMs=2250.000&#xD;
MedianCommitMs=0.944&#xD;
脚本重载准备完成：区服=baseline-test，服务=MapServer，版本=config-73febf7f3996d108，读取=103.9037毫秒，校验=7.4674毫秒，指令生成=3.4888毫秒，脚本数=76，脚本字节数=10287，解析次数=76。</StdOut>
      </Output>
    </UnitTestResult>
    <UnitTestResult executionId="822b5bfb-abc9-41b9-9c2b-c51153f89038" testId="10e5889a-377f-85aa-a540-520c2b44d84e" testName="UnchangedDeclarations_ConfigReloadKeepsBarrierWithoutPersistentStage (Maps)" computerName="LWH" duration="00:00:00.0995265" startTime="2026-09-14T22:13:06.9241513+08:00" endTime="2026-09-14T22:13:07.0237438+08:00" testType="13cdc9d9-ddb5-4fa4-a97d-d965ccfc6d4b" outcome="Passed" testListId="8c84fa94-04c1-424b-9868-57a2d4851a1d" relativeResultsDirectory="822b5bfb-abc9-41b9-9c2b-c51153f89038" />
    <UnitTestResult executionId="6cea9316-9350-4be4-bc07-b7c935f3e436" testId="11c3347f-95fe-843d-b1d3-aaa33dc87f3a" testName="Commit_AllThreeDomainsAndReceiptAreAtomicAndReplayIsExact" computerName="LWH" duration="00:00:00.0468552" startTime="2026-09-14T22:13:00.1339255+08:00" endTime="2026-09-14T22:13:00.1808804+08:00" testType="13cdc9d9-ddb5-4fa4-a97d-d965ccfc6d4b" outcome="Passed" testListId="8c84fa94-04c1-424b-9868-57a2d4851a1d" relativeResultsDirectory="6cea9316-9350-4be4-bc07-b7c935f3e436" />
    <UnitTestResult executionId="35a4f0b8-87f7-45dd-af0f-691590f1b538" testId="1fccdf94-cc08-81b9-a07d-9dffe164477d" testName="CombatReload_GatewayConfigurationScopesDoNotCallSessionReset (Items)" computerName="LWH" duration="00:00:00.0752501" startTime="2026-09-14T22:13:04.2515307+08:00" endTime="2026-09-14T22:13:04.3268941+08:00" testType="13cdc9d9-ddb5-4fa4-a97d-d965ccfc6d4b" outcome="Passed" testListId="8c84fa94-04c1-424b-9868-57a2d4851a1d" relativeResultsDirectory="35a4f0b8-87f7-45dd-af0f-691590f1b538" />
    <UnitTestResult executionId="7bff118e-710a-4788-a8e0-1ef2f0604be2" testId="1f3edc2c-e7f7-8c40-a2f1-442acad46f12" testName="DeclarationAbortFailureKeepsBarrierAndCannotBeReopenedByRepeatedAbort" computerName="LWH" duration="00:00:00.1485334" startTime="2026-09-14T22:13:07.4152708+08:00" endTime="2026-09-14T22:13:07.5638739+08:00" testType="13cdc9d9-ddb5-4fa4-a97d-d965ccfc6d4b" outcome="Passed" testListId="8c84fa94-04c1-424b-9868-57a2d4851a1d" relativeResultsDirectory="7bff118e-710a-4788-a8e0-1ef2f0604be2" />
    <UnitTestResult executionId="98fd01ef-9d48-4b83-a414-c95ca9834a3d" testId="1a6a86a5-1703-8a6f-8e67-87c11c70c2dd" testName="BeginRun_UsesCommonIncreasingGenerationAndResetsOnlyNonPersistentValues" computerName="LWH" duration="00:00:00.0237076" startTime="2026-09-14T22:13:01.0409484+08:00" endTime="2026-09-14T22:13:01.0647924+08:00" testType="13cdc9d9-ddb5-4fa4-a97d-d965ccfc6d4b" outcome="Passed" testListId="8c84fa94-04c1-424b-9868-57a2d4851a1d" relativeResultsDirectory="98fd01ef-9d48-4b83-a414-c95ca9834a3d" />
    <UnitTestResult executionId="64103ae1-12b9-4cfd-944d-fb225da75ad8" testId="1be5a419-7755-8260-aba9-fdde5dcc6d7b" testName="Store_CompletionFailurePreservesStageAndDiagnosesTransaction (False)" computerName="LWH" duration="00:00:00.0268727" startTime="2026-09-14T22:12:59.4894925+08:00" endTime="2026-09-14T22:12:59.5164244+08:00" testType="13cdc9d9-ddb5-4fa4-a97d-d965ccfc6d4b" outcome="Passed" testListId="8c84fa94-04c1-424b-9868-57a2d4851a1d" relativeResultsDirectory="64103ae1-12b9-4cfd-944d-fb225da75ad8" />
    <UnitTestResult executionId="5f749697-1208-41d8-90a7-0c4e5a0a19af" testId="14b8afb9-b69b-8f09-bcbb-c34314be7bcd" testName="VolatileMemoryChange_JoinsEconomicBatchAndResetsOnlyOnNewRun" computerName="LWH" duration="00:00:00.0329401" startTime="2026-09-14T22:13:46.4619513+08:00" endTime="2026-09-14T22:13:46.4949325+08:00" testType="13cdc9d9-ddb5-4fa4-a97d-d965ccfc6d4b" outcome="Passed" testListId="8c84fa94-04c1-424b-9868-57a2d4851a1d" relativeResultsDirectory="5f749697-1208-41d8-90a7-0c4e5a0a19af" />
    <UnitTestResult executionId="7dc08bb5-e1c4-41a9-a294-2507fb4980f5" testId="10a40101-f27f-8d60-8f4d-8cbccba707e5" testName="Coordinator_PrivatePersistentDeclarationChangesRequireCoordinatedValidation" computerName="LWH" duration="00:00:00.1090090" startTime="2026-09-14T22:12:59.5375624+08:00" endTime="2026-09-14T22:12:59.6466968+08:00" testType="13cdc9d9-ddb5-4fa4-a97d-d965ccfc6d4b" outcome="Passed" testListId="8c84fa94-04c1-424b-9868-57a2d4851a1d" relativeResultsDirectory="7dc08bb5-e1c4-41a9-a294-2507fb4980f5" />
  </Results>
  <TestDefinitions>
    <UnitTest name="BusinessFailure_RevertsSharedChangeAndAllowsFollowingReward (True)" storage="c:\users\31665\appdata\local\temp\nngame-declaration-repair-x64-20260914\bin\nngame.server.shared.tests\debug\nngame.server.shared.tests.dll" id="178f3852-b99e-8fd1-97ba-eb42262f303b">
      <Execution id="3ee8adf0-3618-44c7-abe6-de37b6081ee1" />
      <TestMethod codeBase="C:\Users\31665\AppData\Local\Temp\NNGame-declaration-repair-x64-20260914\bin\NNGame.Server.Shared.Tests\debug\NNGame.Server.Shared.Tests.dll" adapterTypeName="executor://mstestadapter/v4" className="NNGame.Server.Shared.Tests.WorldSharedScriptAuthorityTests" name="BusinessFailure_RevertsSharedChangeAndAllowsFollowingReward" />
    </UnitTest>
    <UnitTest name="BeginRun_UsesCommonIncreasingGenerationAndResetsOnlyNonPersistentValues" storage="c:\users\31665\appdata\local\temp\nngame-declaration-repair-x64-20260914\bin\nngame.server.shared.tests\debug\nngame.server.shared.tests.dll" id="1a6a86a5-1703-8a6f-8e67-87c11c70c2dd">
      <Execution id="98fd01ef-9d48-4b83-a414-c95ca9834a3d" />
      <TestMethod codeBase="C:\Users\31665\AppData\Local\Temp\NNGame-declaration-repair-x64-20260914\bin\NNGame.Server.Shared.Tests\debug\NNGame.Server.Shared.Tests.dll" adapterTypeName="executor://mstestadapter/v4" className="NNGame.Server.Shared.Tests.SqliteSharedVariableStoreTests" name="BeginRun_UsesCommonIncreasingGenerationAndResetsOnlyNonPersistentValues" />
    </UnitTest>
    <UnitTest name="Batch_OverBudgetRollsBackOnlyOffendingRequestAndKeepsRejectedReceipt (False)" storage="c:\users\31665\appdata\local\temp\nngame-declaration-repair-x64-20260914\bin\nngame.server.shared.tests\debug\nngame.server.shared.tests.dll" id="1dd8412c-8a77-89a7-ad2f-6e28d1529e18">
      <Execution id="b498cad0-3793-4547-b7fe-99de0709819a" />
      <TestMethod codeBase="C:\Users\31665\AppData\Local\Temp\NNGame-declaration-repair-x64-20260914\bin\NNGame.Server.Shared.Tests\debug\NNGame.Server.Shared.Tests.dll" adapterTypeName="executor://mstestadapter/v4" className="NNGame.Server.Shared.Tests.SharedPayloadBoundaryTests" name="Batch_OverBudgetRollsBackOnlyOffendingRequestAndKeepsRejectedReceipt" />
    </UnitTest>
    <UnitTest name="Authority_CompletionOwnsItsStageAndCannotUndoCommit (True)" storage="c:\users\31665\appdata\local\temp\nngame-declaration-repair-x64-20260914\bin\nngame.server.shared.tests\debug\nngame.server.shared.tests.dll" id="12a4f225-97ce-8211-b97c-42e8b35eac88">
      <Execution id="05edd5dd-9d2d-46c1-84e7-a3137a2d77ed" />
      <TestMethod codeBase="C:\Users\31665\AppData\Local\Temp\NNGame-declaration-repair-x64-20260914\bin\NNGame.Server.Shared.Tests\debug\NNGame.Server.Shared.Tests.dll" adapterTypeName="executor://mstestadapter/v4" className="NNGame.Server.Shared.Tests.SharedDeclarationRecoveryTests" name="Authority_CompletionOwnsItsStageAndCannotUndoCommit" />
    </UnitTest>
    <UnitTest name="BuildSnapshot_BindsPageOpenContextOnlyToUiPresentationPaths (&quot;system/ui/content/1&quot;,True)" storage="c:\users\31665\appdata\local\temp\nngame-declaration-repair-x64-20260914\bin\nngame.server.shared.tests\debug\nngame.server.shared.tests.dll" id="1e56ac9d-9df8-8de1-a054-82e81b68887a">
      <Execution id="bbbfb1ce-ac46-4194-b8cf-6f8b2fdf999b" />
      <TestMethod codeBase="C:\Users\31665\AppData\Local\Temp\NNGame-declaration-repair-x64-20260914\bin\NNGame.Server.Shared.Tests\debug\NNGame.Server.Shared.Tests.dll" adapterTypeName="executor://mstestadapter/v4" className="NNGame.Server.Shared.Tests.WorkspaceServerDataReloadScriptDynamicCatalogTests" name="BuildSnapshot_BindsPageOpenContextOnlyToUiPresentationPaths" />
    </UnitTest>
    <UnitTest name="Store_CompletionFailurePreservesStageAndDiagnosesTransaction (False)" storage="c:\users\31665\appdata\local\temp\nngame-declaration-repair-x64-20260914\bin\nngame.server.shared.tests\debug\nngame.server.shared.tests.dll" id="1be5a419-7755-8260-aba9-fdde5dcc6d7b">
      <Execution id="64103ae1-12b9-4cfd-944d-fb225da75ad8" />
      <TestMethod codeBase="C:\Users\31665\AppData\Local\Temp\NNGame-declaration-repair-x64-20260914\bin\NNGame.Server.Shared.Tests\debug\NNGame.Server.Shared.Tests.dll" adapterTypeName="executor://mstestadapter/v4" className="NNGame.Server.Shared.Tests.SharedDeclarationRecoveryTests" name="Store_CompletionFailurePreservesStageAndDiagnosesTransaction" />
    </UnitTest>
    <UnitTest name="Batch_OverBudgetRollsBackOnlyOffendingRequestAndKeepsRejectedReceipt (True)" storage="c:\users\31665\appdata\local\temp\nngame-declaration-repair-x64-20260914\bin\nngame.server.shared.tests\debug\nngame.server.shared.tests.dll" id="199a58f2-01e4-8750-9b4c-995a3e443f35">
      <Execution id="b1d0d307-c00a-4f60-be41-259c9c2af487" />
      <TestMethod codeBase="C:\Users\31665\AppData\Local\Temp\NNGame-declaration-repair-x64-20260914\bin\NNGame.Server.Shared.Tests\debug\NNGame.Server.Shared.Tests.dll" adapterTypeName="executor://mstestadapter/v4" className="NNGame.Server.Shared.Tests.SharedPayloadBoundaryTests" name="Batch_OverBudgetRollsBackOnlyOffendingRequestAndKeepsRejectedReceipt" />
    </UnitTest>
[...]
    <TestEntry testId="1f4fdbb2-0faf-8ce3-b523-05709933f620" executionId="935109db-082e-4ff8-a1aa-17429ceea651" testListId="8c84fa94-04c1-424b-9868-57a2d4851a1d" />
    <TestEntry testId="1815fa95-d844-880c-bd6f-a3ddbdd5c4c8" executionId="6254a076-ba6a-49c1-991f-b06460ec124b" testListId="8c84fa94-04c1-424b-9868-57a2d4851a1d" />
    <TestEntry testId="193eec47-7186-8363-98bc-f596dec363f6" executionId="cccd9523-8ae7-4345-ad98-1f4ddb0511a0" testListId="8c84fa94-04c1-424b-9868-57a2d4851a1d" />
    <TestEntry testId="1b243745-e9d1-8517-84e0-b4d29fc74a8f" executionId="26ec3dc5-2526-456b-9d0a-25a14f79ba3f" testListId="8c84fa94-04c1-424b-9868-57a2d4851a1d" />
    <TestEntry testId="1cde3db2-4f5f-82f5-94ea-c16bfc1022cc" executionId="c3b27e1a-cc96-4a79-a67e-fa9c22408a0d" testListId="8c84fa94-04c1-424b-9868-57a2d4851a1d" />
    <TestEntry testId="18109a0a-9baf-83ef-9eab-0ff9bd060fa5" executionId="646acf87-94c0-4e9b-881c-85090292c71c" testListId="8c84fa94-04c1-424b-9868-57a2d4851a1d" />
    <TestEntry testId="13e98d35-9fd9-8d5e-b90f-3e50f41e78d1" executionId="b4763181-1031-41a9-bdb4-19e9a666db9d" testListId="8c84fa94-04c1-424b-9868-57a2d4851a1d" />
    <TestEntry testId="1179611a-864b-83f0-9324-418be1dd00be" executionId="4d9eba94-6287-40ab-92da-594fd992e258" testListId="8c84fa94-04c1-424b-9868-57a2d4851a1d" />
    <TestEntry testId="1825af68-7799-808f-b988-c8796cc841c5" executionId="dd77cd3e-f02a-4c62-89cd-03b62e0cdcac" testListId="8c84fa94-04c1-424b-9868-57a2d4851a1d" />
    <TestEntry testId="16392d62-6032-8f01-be21-90f5b38f2c52" executionId="9ea7ecb5-8a1a-44c0-a7d8-956fb9e1cc20" testListId="8c84fa94-04c1-424b-9868-57a2d4851a1d" />
    <TestEntry testId="1847838c-26eb-80de-86b8-190bb649986c" executionId="1b417d64-1a56-412c-a511-d5ea8b16bef1" testListId="8c84fa94-04c1-424b-9868-57a2d4851a1d" />
    <TestEntry testId="1e92e44f-59c1-8fed-84ef-94eb93ba5db2" executionId="9bbdb3c0-c6cb-4a40-b8ce-c932bd16a492" testListId="8c84fa94-04c1-424b-9868-57a2d4851a1d" />
    <TestEntry testId="1a91e057-6b2a-8669-9ad8-1bc0a181abde" executionId="a7b351d1-8482-4f0d-b6ad-6a92c8bf1dc5" testListId="8c84fa94-04c1-424b-9868-57a2d4851a1d" />
    <TestEntry testId="13392768-d33a-8160-9c2d-1ead75940349" executionId="6ecf19ec-d5be-4c41-88ed-90229990b898" testListId="8c84fa94-04c1-424b-9868-57a2d4851a1d" />
    <TestEntry testId="19ce9bfc-169b-852d-8cd4-fb84086c992b" executionId="6bbd599f-60b4-4fd8-9335-dde71f2da5d5" testListId="8c84fa94-04c1-424b-9868-57a2d4851a1d" />
    <TestEntry testId="1522b064-353d-80dd-96f4-005ceb408756" executionId="46a0a50c-1d1f-404f-9aca-896af066dc5c" testListId="8c84fa94-04c1-424b-9868-57a2d4851a1d" />
    <TestEntry testId="186c08ba-413e-87b7-a03d-bf3ffaca03d7" executionId="2f887000-b491-4d3b-b6ae-ffddc4da4138" testListId="8c84fa94-04c1-424b-9868-57a2d4851a1d" />
    <TestEntry testId="174d8bc6-fda3-8f35-aa6a-7af36d211735" executionId="6828f695-4989-412d-93ef-a52e233c4d14" testListId="8c84fa94-04c1-424b-9868-57a2d4851a1d" />
    <TestEntry testId="130fc366-b844-8533-87c8-422ce79b7b89" executionId="b710117d-9221-4a96-8aef-c4776c0e5d20" testListId="8c84fa94-04c1-424b-9868-57a2d4851a1d" />
    <TestEntry testId="150ae45f-50d9-8c31-86f7-3bacef27203b" executionId="24886f83-6cf2-489c-be72-d349bb7fb1b4" testListId="8c84fa94-04c1-424b-9868-57a2d4851a1d" />
    <TestEntry testId="1c2e0f06-7e40-83b4-b00c-505ac66df170" executionId="8f76c90a-110c-4f8b-82d9-d582cadbca79" testListId="8c84fa94-04c1-424b-9868-57a2d4851a1d" />
    <TestEntry testId="1b79676b-f9a8-8447-bf50-93b1997a1e96" executionId="bb541357-422b-4249-afac-f34e19bd4813" testListId="8c84fa94-04c1-424b-9868-57a2d4851a1d" />
    <TestEntry testId="16a00f93-6dc2-8232-9fda-e1b6a9eb3d80" executionId="c57bc3e0-225b-41ca-80f0-7d1382eb8f9f" testListId="8c84fa94-04c1-424b-9868-57a2d4851a1d" />
    <TestEntry testId="1c63eb9b-9de6-8755-b23f-ae5d2d484ea3" executionId="a308c024-5d67-44d9-b563-8091e3ed0f0f" testListId="8c84fa94-04c1-424b-9868-57a2d4851a1d" />
    <TestEntry testId="167186ec-fb6f-8fb9-8998-cc3e694baffc" executionId="c305cf55-b3ce-4555-9fba-76c42c263591" testListId="8c84fa94-04c1-424b-9868-57a2d4851a1d" />
    <TestEntry testId="1932bf22-cd59-8991-906a-4a68a7083e4b" executionId="8506f628-2db7-430b-ad40-9472eca263a4" testListId="8c84fa94-04c1-424b-9868-57a2d4851a1d" />
    <TestEntry testId="1c2ea598-1bdd-8e66-95ff-081e1b1c6170" executionId="98338594-16ef-4c93-b75f-8f64e6b2da02" testListId="8c84fa94-04c1-424b-9868-57a2d4851a1d" />
    <TestEntry testId="1c2ec3d9-6f65-8a26-85ea-5378cbdf9a6c" executionId="68c10724-e8b0-497f-a700-af69c4cd8ece" testListId="8c84fa94-04c1-424b-9868-57a2d4851a1d" />
    <TestEntry testId="13edd2ad-2358-8f53-93e1-66e5908a25eb" executionId="2d51c532-8a41-4f37-9b39-d04235c4ced7" testListId="8c84fa94-04c1-424b-9868-57a2d4851a1d" />
    <TestEntry testId="18c068f8-787a-8907-a7f1-dba194959a54" executionId="dd9e987b-facb-4b0e-8807-fc65b7430cf5" testListId="8c84fa94-04c1-424b-9868-57a2d4851a1d" />
    <TestEntry testId="116fb2a5-a6cb-8fc5-ab6e-9d5d363ae4b4" executionId="5cb18c5f-79c1-4c79-889d-9cebd23ecd0b" testListId="8c84fa94-04c1-424b-9868-57a2d4851a1d" />
    <TestEntry testId="1146fe66-952e-824c-bde7-b2727831f8c2" executionId="2a0cca2e-b797-4154-b823-f8ae30cabae3" testListId="8c84fa94-04c1-424b-9868-57a2d4851a1d" />
    <TestEntry testId="10416a73-44a7-8d7c-a1f3-6605ea24a556" executionId="edd229dd-e541-408d-affc-79fef8636e94" testListId="8c84fa94-04c1-424b-9868-57a2d4851a1d" />
    <TestEntry testId="14588ad1-959e-881d-b666-bd0b7acb3327" executionId="76befd05-fbff-4041-a22f-20fa5b61db1c" testListId="8c84fa94-04c1-424b-9868-57a2d4851a1d" />
    <TestEntry testId="1108c42d-37ee-8e70-8f94-3b715e94dbd4" executionId="1c1531a6-54b8-4ecf-bc94-a312b1616a5f" testListId="8c84fa94-04c1-424b-9868-57a2d4851a1d" />
    <TestEntry testId="1e7af9b3-cc4f-818a-b934-9f20dc7f8e03" executionId="9c5ce111-bd1f-4801-a8ba-f9898901c10b" testListId="8c84fa94-04c1-424b-9868-57a2d4851a1d" />
    <TestEntry testId="1e56ac9d-9df8-8de1-a054-82e81b68887a" executionId="bbbfb1ce-ac46-4194-b8cf-6f8b2fdf999b" testListId="8c84fa94-04c1-424b-9868-57a2d4851a1d" />
    <TestEntry testId="1990ef4e-90c5-8442-8adc-182547946a8e" executionId="b17eead6-328f-4b2c-84d8-413b3bb3edf8" testListId="8c84fa94-04c1-424b-9868-57a2d4851a1d" />
    <TestEntry testId="1d0fbfa2-f7ff-8f39-acb8-5989b859cdb6" executionId="84c20ec1-a9f5-4424-9bef-f595c5d6f0a5" testListId="8c84fa94-04c1-424b-9868-57a2d4851a1d" />
    <TestEntry testId="1876515b-709c-8f37-887e-949159fd1076" executionId="3a5e55b7-e2e9-44a2-81b9-92301dfb4283" testListId="8c84fa94-04c1-424b-9868-57a2d4851a1d" />
    <TestEntry testId="18abfde2-8eaa-8771-ac97-375611949334" executionId="84760347-0aea-4d4c-8485-b57afe49c587" testListId="8c84fa94-04c1-424b-9868-57a2d4851a1d" />
    <TestEntry testId="178f3852-b99e-8fd1-97ba-eb42262f303b" executionId="3ee8adf0-3618-44c7-abe6-de37b6081ee1" testListId="8c84fa94-04c1-424b-9868-57a2d4851a1d" />
    <TestEntry testId="17dea22a-5833-84b7-94e3-78804faffd48" executionId="8b61fc88-07b3-4ca1-a128-3d31cb7bd1e3" testListId="8c84fa94-04c1-424b-9868-57a2d4851a1d" />
    <TestEntry testId="1ce31fef-f905-8a96-8c35-14257a8fd1e7" executionId="72487f39-5c57-4ba6-8ff1-7afbaa64d4a6" testListId="8c84fa94-04c1-424b-9868-57a2d4851a1d" />
    <TestEntry testId="1255012e-8f44-8924-958c-e0abb16efaf1" executionId="f4f6deff-6843-406d-a956-6c018425491c" testListId="8c84fa94-04c1-424b-9868-57a2d4851a1d" />
    <TestEntry testId="15a9b523-c99a-818d-878b-017062863d9a" executionId="72923348-829d-4310-86e0-015061d4c8de" testListId="8c84fa94-04c1-424b-9868-57a2d4851a1d" />
    <TestEntry testId="1af3f537-cfc7-83e0-a5ac-cf50991a5323" executionId="0c1480b2-6657-4e2a-ad60-45c6cb9a4daf" testListId="8c84fa94-04c1-424b-9868-57a2d4851a1d" />
    <TestEntry testId="143f526a-9b3a-80ea-adb5-55be663bd0ec" executionId="b8fdb2aa-1087-4dae-bc21-fb38cf384512" testListId="8c84fa94-04c1-424b-9868-57a2d4851a1d" />
    <TestEntry testId="13acb097-0ace-8bca-ad7f-58d60aff1b67" executionId="94896f04-d5ad-42a2-865f-372b934bed70" testListId="8c84fa94-04c1-424b-9868-57a2d4851a1d" />
    <TestEntry testId="1cec00c6-08ae-8f26-a2ec-9ff63c4bb153" executionId="0722ae4c-dc52-4e78-b87d-6c76e484b68f" testListId="8c84fa94-04c1-424b-9868-57a2d4851a1d" />
    <TestEntry testId="1438b97f-f123-8faf-95e0-ff6a930a71aa" executionId="7ec50a2e-c042-44b2-b0f9-ca9c88876b49" testListId="8c84fa94-04c1-424b-9868-57a2d4851a1d" />
    <TestEntry testId="1a01b56c-9bfa-834e-993f-44d52cd7b3f6" executionId="f5bda3ae-21b2-485c-a811-cbb0dbc92225" testListId="8c84fa94-04c1-424b-9868-57a2d4851a1d" />
    <TestEntry testId="162e4453-c181-80ea-a1c4-27208077cbfc" executionId="70d61119-73c9-42a5-81b6-e457e0f0554f" testListId="8c84fa94-04c1-424b-9868-57a2d4851a1d" />
    <TestEntry testId="1c52ea9e-56b8-81eb-b8da-cc584f00548b" executionId="ee376900-871c-4f0b-9c94-0985be1b6411" testListId="8c84fa94-04c1-424b-9868-57a2d4851a1d" />
    <TestEntry testId="1f4021e1-942e-8cd3-b51f-7269afe5c0a2" executionId="f6cc5b52-0abb-4fe1-9794-f92b0ec1ae28" testListId="8c84fa94-04c1-424b-9868-57a2d4851a1d" />
    <TestEntry testId="141609ba-675a-8e41-ab83-8a6bfe634264" executionId="45276a85-c649-4c5a-9393-2d250341354e" testListId="8c84fa94-04c1-424b-9868-57a2d4851a1d" />
    <TestEntry testId="17f14e11-f55d-8125-b7ec-b602f78ba21e" executionId="3849449f-52c9-45af-8a7f-b4456835eedc" testListId="8c84fa94-04c1-424b-9868-57a2d4851a1d" />
    <TestEntry testId="1213b3bb-5ff9-8c37-bcd5-b82ddf81f08f" executionId="e89f9233-d383-47b3-a0cd-a927c597cc0c" testListId="8c84fa94-04c1-424b-9868-57a2d4851a1d" />
    <TestEntry testId="19eb4ac0-c631-847e-8551-98d1a8bccc55" executionId="abef50f3-1172-433c-8cbf-61ddb2e30500" testListId="8c84fa94-04c1-424b-9868-57a2d4851a1d" />
    <TestEntry testId="19e5b1f1-0049-8846-90b7-b96d00afff70" executionId="4ce4d30a-e3e6-4fd6-bb88-c8e88fcc8ab6" testListId="8c84fa94-04c1-424b-9868-57a2d4851a1d" />
    <TestEntry testId="12cfee6b-9640-848a-ae1b-2ac14418bc08" executionId="1fb1c234-07a7-4cdc-b890-ba154fb6bdfd" testListId="8c84fa94-04c1-424b-9868-57a2d4851a1d" />
    <TestEntry testId="1b6ea965-3e82-8b84-bf50-01a498dea1cb" executionId="84bdb96b-7f43-44f9-9fce-e406c2c4e912" testListId="8c84fa94-04c1-424b-9868-57a2d4851a1d" />
    <TestEntry testId="1722ffba-1b9c-8f22-8fc2-9123b519f52a" executionId="796c1b24-c4cd-4530-a264-7b8d07cc0413" testListId="8c84fa94-04c1-424b-9868-57a2d4851a1d" />
    <TestEntry testId="1fe73f55-004f-875f-9399-8fcaa72160b5" executionId="0b64e45c-f462-4f7d-84c3-0e2e58cdaf70" testListId="8c84fa94-04c1-424b-9868-57a2d4851a1d" />
    <TestEntry testId="1bb61800-a93b-87b7-89a7-580451432518" executionId="c824375f-6471-47d1-a40e-e10430afc190" testListId="8c84fa94-04c1-424b-9868-57a2d4851a1d" />
    <TestEntry testId="1eea413a-1ba0-87dc-9aa9-9ff2dc2d0972" executionId="53c30f18-49be-4d88-8ca9-f28e119b1c46" testListId="8c84fa94-04c1-424b-9868-57a2d4851a1d" />
    <TestEntry testId="12e5912e-a710-8a5b-8285-af6b1c80e65e" executionId="c581a28e-268c-4787-903b-be1664763118" testListId="8c84fa94-04c1-424b-9868-57a2d4851a1d" />
    <TestEntry testId="19f9bded-10d5-8db1-9290-847b4fc701a8" executionId="f63ebba0-099a-480b-b970-e9c9884ee285" testListId="8c84fa94-04c1-424b-9868-57a2d4851a1d" />
    <TestEntry testId="1ae7155f-07b8-8451-80e7-83f2be486a8a" executionId="36c49524-2543-449a-85a5-3ad13218875a" testListId="8c84fa94-04c1-424b-9868-57a2d4851a1d" />
    <TestEntry testId="15de29e0-8bdb-8e89-a7e7-3da88d0ae4ff" executionId="dcf99ebd-2fa1-4095-bad1-fa4c7944caa8" testListId="8c84fa94-04c1-424b-9868-57a2d4851a1d" />
    <TestEntry testId="16190a23-ae8b-84e4-9e65-0ddbc1bfd5ea" executionId="41f61056-116e-4e25-b412-fb0faf8b6f49" testListId="8c84fa94-04c1-424b-9868-57a2d4851a1d" />
    <TestEntry testId="1dd8412c-8a77-89a7-ad2f-6e28d1529e18" executionId="b498cad0-3793-4547-b7fe-99de0709819a" testListId="8c84fa94-04c1-424b-9868-57a2d4851a1d" />
    <TestEntry testId="1fd8ed61-cc19-8d80-9f19-77921350e243" executionId="659389ac-3727-4a13-8da5-6ef18e6b5558" testListId="8c84fa94-04c1-424b-9868-57a2d4851a1d" />
    <TestEntry testId="12b750c5-d8ff-80e3-b7c7-ff24a5d023d5" executionId="b1b6e4a8-13c2-42d2-ac22-45b5f3295088" testListId="8c84fa94-04c1-424b-9868-57a2d4851a1d" />
    <TestEntry testId="15bed118-67d5-82b4-a3d4-86dc8787773c" executionId="af899276-a15a-47e5-ba36-58d808730587" testListId="8c84fa94-04c1-424b-9868-57a2d4851a1d" />
    <TestEntry testId="1f709e68-ab73-8d3d-83c3-d6b38ac4678a" executionId="c04efb9e-00a7-4bf3-84b9-30b565b9af92" testListId="8c84fa94-04c1-424b-9868-57a2d4851a1d" />
    <TestEntry testId="1286c2a6-1952-86ab-a609-f0d5192da6f4" executionId="138b9bd1-9d55-436d-884c-784787f00a56" testListId="8c84fa94-04c1-424b-9868-57a2d4851a1d" />
    <TestEntry testId="1f348b4b-7b36-864e-b8b3-488a8cbe1b97" executionId="b63e51a6-8412-4164-99a3-efc69d9aa06b" testListId="8c84fa94-04c1-424b-9868-57a2d4851a1d" />
    <TestEntry testId="181b1404-9c76-8d7e-aee7-ae208b25e16b" executionId="6bcde2a3-acdc-43b4-bcaf-f19649395bb6" testListId="8c84fa94-04c1-424b-9868-57a2d4851a1d" />
    <TestEntry testId="13e83957-f1ae-8b87-b1e6-f7a74d24365a" executionId="98903847-8588-4d1e-9883-16a22c328282" testListId="8c84fa94-04c1-424b-9868-57a2d4851a1d" />
    <TestEntry testId="1593505c-298c-8c33-b03d-252f555e5f53" executionId="185ad059-fdee-4960-8dac-697743429298" testListId="8c84fa94-04c1-424b-9868-57a2d4851a1d" />
    <TestEntry testId="1f8b1466-d3c0-8645-aa2e-4b6119da4086" executionId="4092eb73-4cb0-40f3-8f11-23f14adf6782" testListId="8c84fa94-04c1-424b-9868-57a2d4851a1d" />
    <TestEntry testId="12a4f225-97ce-8211-b97c-42e8b35eac88" executionId="05edd5dd-9d2d-46c1-84e7-a3137a2d77ed" testListId="8c84fa94-04c1-424b-9868-57a2d4851a1d" />
    <TestEntry testId="11479a61-b992-8d9e-9365-b555cf40b429" executionId="57c6ba88-f058-4b6a-a014-b0f452d79193" testListId="8c84fa94-04c1-424b-9868-57a2d4851a1d" />
    <TestEntry testId="199a58f2-01e4-8750-9b4c-995a3e443f35" executionId="b1d0d307-c00a-4f60-be41-259c9c2af487" testListId="8c84fa94-04c1-424b-9868-57a2d4851a1d" />
    <TestEntry testId="1e821093-09c1-8413-96af-93159972b640" executionId="8bf1f35a-5f8f-481a-b3a9-426a7f7659be" testListId="8c84fa94-04c1-424b-9868-57a2d4851a1d" />
    <TestEntry testId="17cf1d68-d8cc-85ad-881c-38feba489f2b" executionId="70cf6fd2-7f9b-4e92-afb0-50e2bd3f5ded" testListId="8c84fa94-04c1-424b-9868-57a2d4851a1d" />
    <TestEntry testId="1974adf5-c102-862f-878e-e792b8957a6d" executionId="337fc64d-78f1-4cdf-946f-3589ce094b5d" testListId="8c84fa94-04c1-424b-9868-57a2d4851a1d" />
    <TestEntry testId="161d5096-6255-8fa6-be44-6a574ad2ec07" executionId="64425cd1-49ad-41f9-9c9c-d8ab94e26009" testListId="8c84fa94-04c1-424b-9868-57a2d4851a1d" />
    <TestEntry testId="11538a2b-292f-8b01-89ad-ace9c23230fe" executionId="83d78f69-8d40-4c5e-ab7d-919ae97e9782" testListId="8c84fa94-04c1-424b-9868-57a2d4851a1d" />
    <TestEntry testId="180fe14f-9d1c-8406-9c13-3ea3a4dcaa71" executionId="bc8deeb4-d5da-49cb-b77e-6b71639f8d63" testListId="8c84fa94-04c1-424b-9868-57a2d4851a1d" />
    <TestEntry testId="1c61a505-a837-85f2-ad97-4a801119154b" executionId="9523de6b-deff-4077-abea-04bd278a85dd" testListId="8c84fa94-04c1-424b-9868-57a2d4851a1d" />
    <TestEntry testId="1f0b69f4-8039-8e59-8cf2-88f125574e64" executionId="5648712f-4c10-435a-8dda-1ee8b7288f09" testListId="8c84fa94-04c1-424b-9868-57a2d4851a1d" />
    <TestEntry testId="126575c1-993c-897d-9fae-0e15acd69418" executionId="a20b8fff-e5da-46da-9e73-7a3afa0c43b4" testListId="8c84fa94-04c1-424b-9868-57a2d4851a1d" />
    <TestEntry testId="1141715c-271b-8f9b-be4c-337c9ce6ead9" executionId="7cd56420-69a1-4f06-a601-4a646819fa24" testListId="8c84fa94-04c1-424b-9868-57a2d4851a1d" />
    <TestEntry testId="183fb5f2-4a93-8f04-982b-7be65b71a9b5" executionId="3fa71495-0698-4c72-aaaf-37ddd54dc2cc" testListId="8c84fa94-04c1-424b-9868-57a2d4851a1d" />
    <TestEntry testId="15bcd467-9c9e-8a5e-8b76-c53a15bf834c" executionId="779c3818-f150-46ca-8dd4-ac9e49091d56" testListId="8c84fa94-04c1-424b-9868-57a2d4851a1d" />
    <TestEntry testId="134d5113-b014-852b-8210-4cdd81818f4f" executionId="3a6d81bb-17ad-4df4-90a2-a789d4c824f4" testListId="8c84fa94-04c1-424b-9868-57a2d4851a1d" />
    <TestEntry testId="13878fb0-ffb2-8c2f-8d44-9e5c04cdfadc" executionId="f88dae02-29aa-4d4d-a687-14b2b34671c1" testListId="8c84fa94-04c1-424b-9868-57a2d4851a1d" />
    <TestEntry testId="1753fdb4-4b73-8f9d-bcec-7737fabadd1f" executionId="7cd7de09-787e-4bdd-b8ef-0049c63140a1" testListId="8c84fa94-04c1-424b-9868-57a2d4851a1d" />
    <TestEntry testId="1d23d570-1f65-8321-9935-34d835ec1c42" executionId="0293ac13-1804-411a-ae4b-f5a8bd7b83db" testListId="8c84fa94-04c1-424b-9868-57a2d4851a1d" />
    <TestEntry testId="15d9b2ba-0cc0-8473-8052-41430d3537c1" executionId="39c66b30-cbef-49ae-b06a-60934a8cad95" testListId="8c84fa94-04c1-424b-9868-57a2d4851a1d" />
    <TestEntry testId="1ed06886-4430-8b0a-806d-6d9ad9eeee2a" executionId="65203783-33a9-487b-a1cb-ff9a7fd04bbb" testListId="8c84fa94-04c1-424b-9868-57a2d4851a1d" />
    <TestEntry testId="1ea3ac1d-e512-87cc-b906-4da55547957c" executionId="7b0b17b8-7d25-45c6-b363-59916e6b3ef8" testListId="8c84fa94-04c1-424b-9868-57a2d4851a1d" />
    <TestEntry testId="1892947c-37a0-83db-81f4-4560035e9bf0" executionId="66fbba7e-19de-4f6f-9706-68db0bc6664e" testListId="8c84fa94-04c1-424b-9868-57a2d4851a1d" />
    <TestEntry testId="1c879740-414c-8694-ab77-d94fb1207b43" executionId="bbd6a4a7-183f-4f21-a19e-accae21aa8cb" testListId="8c84fa94-04c1-424b-9868-57a2d4851a1d" />
    <TestEntry testId="1ed49eef-fd55-8ac6-97b2-cb367b82f798" executionId="687b076b-2453-4125-9535-f0680e9f302f" testListId="8c84fa94-04c1-424b-9868-57a2d4851a1d" />
    <TestEntry testId="1a28a3ad-2b2b-8185-bd81-0f7a236ce358" executionId="d95afca1-e703-4116-b6f9-25d6d62aecde" testListId="8c84fa94-04c1-424b-9868-57a2d4851a1d" />
    <TestEntry testId="146c3a1d-c86a-8d40-97ff-b96f3cfe5b2c" executionId="4a420087-dbcc-4e2d-8007-a3e921c613fa" testListId="8c84fa94-04c1-424b-9868-57a2d4851a1d" />
    <TestEntry testId="1b8d8629-89ac-8765-b6aa-ac84422c760c" executionId="a27ec3d3-f496-4687-9565-3cb590762645" testListId="8c84fa94-04c1-424b-9868-57a2d4851a1d" />
    <TestEntry testId="10e5889a-377f-85aa-a540-520c2b44d84e" executionId="822b5bfb-abc9-41b9-9c2b-c51153f89038" testListId="8c84fa94-04c1-424b-9868-57a2d4851a1d" />
    <TestEntry testId="11c3347f-95fe-843d-b1d3-aaa33dc87f3a" executionId="6cea9316-9350-4be4-bc07-b7c935f3e436" testListId="8c84fa94-04c1-424b-9868-57a2d4851a1d" />
    <TestEntry testId="1fccdf94-cc08-81b9-a07d-9dffe164477d" executionId="35a4f0b8-87f7-45dd-af0f-691590f1b538" testListId="8c84fa94-04c1-424b-9868-57a2d4851a1d" />
    <TestEntry testId="1f3edc2c-e7f7-8c40-a2f1-442acad46f12" executionId="7bff118e-710a-4788-a8e0-1ef2f0604be2" testListId="8c84fa94-04c1-424b-9868-57a2d4851a1d" />
    <TestEntry testId="1a6a86a5-1703-8a6f-8e67-87c11c70c2dd" executionId="98fd01ef-9d48-4b83-a414-c95ca9834a3d" testListId="8c84fa94-04c1-424b-9868-57a2d4851a1d" />
    <TestEntry testId="1be5a419-7755-8260-aba9-fdde5dcc6d7b" executionId="64103ae1-12b9-4cfd-944d-fb225da75ad8" testListId="8c84fa94-04c1-424b-9868-57a2d4851a1d" />
    <TestEntry testId="14b8afb9-b69b-8f09-bcbb-c34314be7bcd" executionId="5f749697-1208-41d8-90a7-0c4e5a0a19af" testListId="8c84fa94-04c1-424b-9868-57a2d4851a1d" />
    <TestEntry testId="10a40101-f27f-8d60-8f4d-8cbccba707e5" executionId="7dc08bb5-e1c4-41a9-a294-2507fb4980f5" testListId="8c84fa94-04c1-424b-9868-57a2d4851a1d" />
  </TestEntries>
  <TestLists>
    <TestList name="列表中未列出的结果" id="8c84fa94-04c1-424b-9868-57a2d4851a1d" />
    <TestList name="所有已加载的结果" id="19431567-8539-422a-85d7-44ee4e166bda" />
  </TestLists>
  <ResultSummary outcome="Failed">
    <Counters total="138" executed="138" passed="137" failed="1" error="0" timeout="0" aborted="0" inconclusive="0" passedButRunAborted="0" notRunnable="0" notExecuted="0" disconnected="0" warning="0" completed="0" inProgress="0" pending="0" />
  </ResultSummary>
</TestRun>