<?xml version="1.0" encoding="utf-8"?>
<TestRun id="80f45699-3bf3-40f7-ac51-1918d64539ab" name="31665@LWH 2026-09-14 22:11:42" runUser="LWH\31665" xmlns="http://microsoft.com/schemas/VisualStudio/TeamTest/2010">
  <Times creation="2026-09-14T22:11:42.5333829+08:00" queuing="2026-09-14T22:11:42.5333831+08:00" start="2026-09-14T22:11:41.0442434+08:00" finish="2026-09-14T22:11:42.5374340+08:00" />
  <TestSettings name="default" id="da7cdd9b-380e-44d5-896e-30d86917b35d">
    <Deployment runDeploymentRoot="31665_LWH_2026-09-14_22_11_42" />
  </TestSettings>
  <Results>
    <UnitTestResult executionId="d15d40f7-849a-4176-a0df-c2fc0eb725c3" testId="1522b064-353d-80dd-96f4-005ceb408756" testName="CombatReload_ActualScopesPreserveAndRebuildAffixInputsWithoutAccumulation" computerName="LWH" duration="00:00:00.9110244" startTime="2026-09-14T22:11:41.5158376+08:00" endTime="2026-09-14T22:11:42.4459978+08:00" testType="13cdc9d9-ddb5-4fa4-a97d-d965ccfc6d4b" outcome="Passed" testListId="8c84fa94-04c1-424b-9868-57a2d4851a1d" relativeResultsDirectory="d15d40f7-849a-4176-a0df-c2fc0eb725c3" />
  </Results>
  <TestDefinitions>
    <UnitTest name="CombatReload_ActualScopesPreserveAndRebuildAffixInputsWithoutAccumulation" storage="c:\users\31665\appdata\local\temp\nngame-declaration-repair-x64-20260914\bin\nngame.server.shared.tests\debug\nngame.server.shared.tests.dll" id="1522b064-353d-80dd-96f4-005ceb408756">
      <Execution id="d15d40f7-849a-4176-a0df-c2fc0eb725c3" />
      <TestMethod codeBase="C:\Users\31665\AppData\Local\Temp\NNGame-declaration-repair-x64-20260914\bin\NNGame.Server.Shared.Tests\debug\NNGame.Server.Shared.Tests.dll" adapterTypeName="executor://mstestadapter/v4" className="NNGame.Server.Shared.Tests.WorkspaceServerDataReloadBaselineTests" name="CombatReload_ActualScopesPreserveAndRebuildAffixInputsWithoutAccumulation" />
    </UnitTest>
  </TestDefinitions>
  <TestEntries>
    <TestEntry testId="1522b064-353d-80dd-96f4-005ceb408756" executionId="d15d40f7-849a-4176-a0df-c2fc0eb725c3" testListId="8c84fa94-04c1-424b-9868-57a2d4851a1d" />
  </TestEntries>
  <TestLists>
    <TestList name="列表中未列出的结果" id="8c84fa94-04c1-424b-9868-57a2d4851a1d" />
    <TestList name="所有已加载的结果" id="19431567-8539-422a-85d7-44ee4e166bda" />
  </TestLists>
  <ResultSummary outcome="Completed">
    <Counters total="1" executed="1" passed="1" failed="0" error="0" timeout="0" aborted="0" inconclusive="0" passedButRunAborted="0" notRunnable="0" notExecuted="0" disconnected="0" warning="0" completed="0" inProgress="0" pending="0" />
  </ResultSummary>
</TestRun>